ERROR - 2022-06-15 14:18:12 --> Column 'username' cannot be null
CRITICAL - 2022-06-15 14:18:12 --> Column 'username' cannot be null
#0 D:\Xampp\htdocs\desainweb\kelas\tubes\tubesweb\system\Database\MySQLi\Connection.php(292): mysqli->query('INSERT INTO `tr...', 0)
#1 D:\Xampp\htdocs\desainweb\kelas\tubes\tubesweb\system\Database\BaseConnection.php(670): CodeIgniter\Database\MySQLi\Connection->execute('INSERT INTO `tr...')
#2 D:\Xampp\htdocs\desainweb\kelas\tubes\tubesweb\system\Database\BaseConnection.php(598): CodeIgniter\Database\BaseConnection->simpleQuery('INSERT INTO `tr...')
#3 D:\Xampp\htdocs\desainweb\kelas\tubes\tubesweb\system\Database\BaseBuilder.php(1771): CodeIgniter\Database\BaseConnection->query('INSERT INTO `tr...', Array, false)
#4 D:\Xampp\htdocs\desainweb\kelas\tubes\tubesweb\system\Model.php(239): CodeIgniter\Database\BaseBuilder->insert()
#5 D:\Xampp\htdocs\desainweb\kelas\tubes\tubesweb\system\BaseModel.php(738): CodeIgniter\Model->doInsert(Array)
#6 D:\Xampp\htdocs\desainweb\kelas\tubes\tubesweb\system\Model.php(625): CodeIgniter\BaseModel->insert(Array, true)
#7 D:\Xampp\htdocs\desainweb\kelas\tubes\tubesweb\app\Models\TransaksiModel.php(50): CodeIgniter\Model->insert(Array)
#8 D:\Xampp\htdocs\desainweb\kelas\tubes\tubesweb\app\Controllers\Transaksi.php(57): App\Models\TransaksiModel->saveTransaksi(Array)
#9 D:\Xampp\htdocs\desainweb\kelas\tubes\tubesweb\system\CodeIgniter.php(832): App\Controllers\Transaksi->payment()
#10 D:\Xampp\htdocs\desainweb\kelas\tubes\tubesweb\system\CodeIgniter.php(419): CodeIgniter\CodeIgniter->runController(Object(App\Controllers\Transaksi))
#11 D:\Xampp\htdocs\desainweb\kelas\tubes\tubesweb\system\CodeIgniter.php(326): CodeIgniter\CodeIgniter->handleRequest(NULL, Object(Config\Cache), false)
#12 D:\Xampp\htdocs\desainweb\kelas\tubes\tubesweb\public\index.php(37): CodeIgniter\CodeIgniter->run()
#13 D:\Xampp\htdocs\desainweb\kelas\tubes\tubesweb\system\Commands\Server\rewrite.php(43): require_once('D:\\Xampp\\htdocs...')
#14 {main}
ERROR - 2022-06-15 08:18:42 --> Error connecting to the database: No connection could be made because the target machine actively refused it.

CRITICAL - 2022-06-15 08:18:42 --> Unable to connect to the database.
Main connection [MySQLi]: No connection could be made because the target machine actively refused it.

#0 D:\Xampp\htdocs\desainweb\kelas\tubes\tubesweb\system\Database\BaseConnection.php(577): CodeIgniter\Database\BaseConnection->initialize()
#1 D:\Xampp\htdocs\desainweb\kelas\tubes\tubesweb\system\Database\BaseBuilder.php(1455): CodeIgniter\Database\BaseConnection->query('SELECT *\nFROM `...', Array, false)
#2 D:\Xampp\htdocs\desainweb\kelas\tubes\tubesweb\system\Model.php(210): CodeIgniter\Database\BaseBuilder->get()
#3 D:\Xampp\htdocs\desainweb\kelas\tubes\tubesweb\system\BaseModel.php(622): CodeIgniter\Model->doFirst()
#4 D:\Xampp\htdocs\desainweb\kelas\tubes\tubesweb\app\Models\PenggunaModel.php(25): CodeIgniter\BaseModel->first()
#5 D:\Xampp\htdocs\desainweb\kelas\tubes\tubesweb\app\Controllers\Pengguna.php(59): App\Models\PenggunaModel->getPenggunaByUsername('admin')
#6 D:\Xampp\htdocs\desainweb\kelas\tubes\tubesweb\system\CodeIgniter.php(832): App\Controllers\Pengguna->login()
#7 D:\Xampp\htdocs\desainweb\kelas\tubes\tubesweb\system\CodeIgniter.php(419): CodeIgniter\CodeIgniter->runController(Object(App\Controllers\Pengguna))
#8 D:\Xampp\htdocs\desainweb\kelas\tubes\tubesweb\system\CodeIgniter.php(326): CodeIgniter\CodeIgniter->handleRequest(NULL, Object(Config\Cache), false)
#9 D:\Xampp\htdocs\desainweb\kelas\tubes\tubesweb\public\index.php(37): CodeIgniter\CodeIgniter->run()
#10 D:\Xampp\htdocs\desainweb\kelas\tubes\tubesweb\system\Commands\Server\rewrite.php(43): require_once('D:\\Xampp\\htdocs...')
#11 {main}
ERROR - 2022-06-15 08:19:02 --> Error connecting to the database: No connection could be made because the target machine actively refused it.

CRITICAL - 2022-06-15 08:19:02 --> Unable to connect to the database.
Main connection [MySQLi]: No connection could be made because the target machine actively refused it.

#0 D:\Xampp\htdocs\desainweb\kelas\tubes\tubesweb\system\Database\BaseConnection.php(577): CodeIgniter\Database\BaseConnection->initialize()
#1 D:\Xampp\htdocs\desainweb\kelas\tubes\tubesweb\system\Database\BaseBuilder.php(1455): CodeIgniter\Database\BaseConnection->query('SELECT *\nFROM `...', Array, false)
#2 D:\Xampp\htdocs\desainweb\kelas\tubes\tubesweb\system\Model.php(210): CodeIgniter\Database\BaseBuilder->get()
#3 D:\Xampp\htdocs\desainweb\kelas\tubes\tubesweb\system\BaseModel.php(622): CodeIgniter\Model->doFirst()
#4 D:\Xampp\htdocs\desainweb\kelas\tubes\tubesweb\app\Models\PenggunaModel.php(25): CodeIgniter\BaseModel->first()
#5 D:\Xampp\htdocs\desainweb\kelas\tubes\tubesweb\app\Controllers\Pengguna.php(59): App\Models\PenggunaModel->getPenggunaByUsername('admin')
#6 D:\Xampp\htdocs\desainweb\kelas\tubes\tubesweb\system\CodeIgniter.php(832): App\Controllers\Pengguna->login()
#7 D:\Xampp\htdocs\desainweb\kelas\tubes\tubesweb\system\CodeIgniter.php(419): CodeIgniter\CodeIgniter->runController(Object(App\Controllers\Pengguna))
#8 D:\Xampp\htdocs\desainweb\kelas\tubes\tubesweb\system\CodeIgniter.php(326): CodeIgniter\CodeIgniter->handleRequest(NULL, Object(Config\Cache), false)
#9 D:\Xampp\htdocs\desainweb\kelas\tubes\tubesweb\public\index.php(37): CodeIgniter\CodeIgniter->run()
#10 D:\Xampp\htdocs\desainweb\kelas\tubes\tubesweb\system\Commands\Server\rewrite.php(43): require_once('D:\\Xampp\\htdocs...')
#11 {main}
CRITICAL - 2022-06-15 09:12:10 --> syntax error, unexpected '?>'
#0 D:\Xampp\htdocs\desainweb\kelas\tubes\tubesweb\system\View\View.php(210): include()
#1 D:\Xampp\htdocs\desainweb\kelas\tubes\tubesweb\system\View\View.php(213): CodeIgniter\View\View->CodeIgniter\View\{closure}()
#2 D:\Xampp\htdocs\desainweb\kelas\tubes\tubesweb\system\Common.php(1089): CodeIgniter\View\View->render('home', Array, true)
#3 D:\Xampp\htdocs\desainweb\kelas\tubes\tubesweb\app\Controllers\Home.php(10): view('home')
#4 D:\Xampp\htdocs\desainweb\kelas\tubes\tubesweb\system\CodeIgniter.php(832): App\Controllers\Home->index()
#5 D:\Xampp\htdocs\desainweb\kelas\tubes\tubesweb\system\CodeIgniter.php(419): CodeIgniter\CodeIgniter->runController(Object(App\Controllers\Home))
#6 D:\Xampp\htdocs\desainweb\kelas\tubes\tubesweb\system\CodeIgniter.php(326): CodeIgniter\CodeIgniter->handleRequest(NULL, Object(Config\Cache), false)
#7 D:\Xampp\htdocs\desainweb\kelas\tubes\tubesweb\public\index.php(37): CodeIgniter\CodeIgniter->run()
#8 D:\Xampp\htdocs\desainweb\kelas\tubes\tubesweb\system\Commands\Server\rewrite.php(43): require_once('D:\\Xampp\\htdocs...')
#9 {main}
CRITICAL - 2022-06-15 09:12:18 --> syntax error, unexpected '?>'
#0 D:\Xampp\htdocs\desainweb\kelas\tubes\tubesweb\system\View\View.php(210): include()
#1 D:\Xampp\htdocs\desainweb\kelas\tubes\tubesweb\system\View\View.php(213): CodeIgniter\View\View->CodeIgniter\View\{closure}()
#2 D:\Xampp\htdocs\desainweb\kelas\tubes\tubesweb\system\Common.php(1089): CodeIgniter\View\View->render('home', Array, true)
#3 D:\Xampp\htdocs\desainweb\kelas\tubes\tubesweb\app\Controllers\Home.php(10): view('home')
#4 D:\Xampp\htdocs\desainweb\kelas\tubes\tubesweb\system\CodeIgniter.php(832): App\Controllers\Home->index()
#5 D:\Xampp\htdocs\desainweb\kelas\tubes\tubesweb\system\CodeIgniter.php(419): CodeIgniter\CodeIgniter->runController(Object(App\Controllers\Home))
#6 D:\Xampp\htdocs\desainweb\kelas\tubes\tubesweb\system\CodeIgniter.php(326): CodeIgniter\CodeIgniter->handleRequest(NULL, Object(Config\Cache), false)
#7 D:\Xampp\htdocs\desainweb\kelas\tubes\tubesweb\public\index.php(37): CodeIgniter\CodeIgniter->run()
#8 D:\Xampp\htdocs\desainweb\kelas\tubes\tubesweb\system\Commands\Server\rewrite.php(43): require_once('D:\\Xampp\\htdocs...')
#9 {main}
