CRITICAL - 2022-06-14 08:03:01 --> Undefined variable: c
#0 D:\Xampp\htdocs\desainweb\kelas\tubes\tubesweb\app\Views\coursedetail.php(37): CodeIgniter\Debug\Exceptions->errorHandler(8, 'Undefined varia...', 'D:\\Xampp\\htdocs...', 37, Array)
#1 D:\Xampp\htdocs\desainweb\kelas\tubes\tubesweb\system\View\View.php(210): include('D:\\Xampp\\htdocs...')
#2 D:\Xampp\htdocs\desainweb\kelas\tubes\tubesweb\system\View\View.php(213): CodeIgniter\View\View->CodeIgniter\View\{closure}()
#3 D:\Xampp\htdocs\desainweb\kelas\tubes\tubesweb\system\Common.php(1089): CodeIgniter\View\View->render('coursedetail', Array, true)
#4 D:\Xampp\htdocs\desainweb\kelas\tubes\tubesweb\app\Controllers\Course.php(42): view('coursedetail', Array)
#5 D:\Xampp\htdocs\desainweb\kelas\tubes\tubesweb\system\CodeIgniter.php(832): App\Controllers\Course->detail('1')
#6 D:\Xampp\htdocs\desainweb\kelas\tubes\tubesweb\system\CodeIgniter.php(419): CodeIgniter\CodeIgniter->runController(Object(App\Controllers\Course))
#7 D:\Xampp\htdocs\desainweb\kelas\tubes\tubesweb\system\CodeIgniter.php(326): CodeIgniter\CodeIgniter->handleRequest(NULL, Object(Config\Cache), false)
#8 D:\Xampp\htdocs\desainweb\kelas\tubes\tubesweb\public\index.php(37): CodeIgniter\CodeIgniter->run()
#9 D:\Xampp\htdocs\desainweb\kelas\tubes\tubesweb\system\Commands\Server\rewrite.php(43): require_once('D:\\Xampp\\htdocs...')
#10 {main}
CRITICAL - 2022-06-14 10:03:10 --> The original file is not a valid file.
#0 D:\Xampp\htdocs\desainweb\kelas\tubes\tubesweb\system\HTTP\Files\UploadedFile.php(137): CodeIgniter\HTTP\Exceptions\HTTPException::forInvalidFile()
#1 D:\Xampp\htdocs\desainweb\kelas\tubes\tubesweb\app\Controllers\Course.php(101): CodeIgniter\HTTP\Files\UploadedFile->move('../public/Asset...', '1655218990_0adc...')
#2 D:\Xampp\htdocs\desainweb\kelas\tubes\tubesweb\system\CodeIgniter.php(832): App\Controllers\Course->save('9')
#3 D:\Xampp\htdocs\desainweb\kelas\tubes\tubesweb\system\CodeIgniter.php(419): CodeIgniter\CodeIgniter->runController(Object(App\Controllers\Course))
#4 D:\Xampp\htdocs\desainweb\kelas\tubes\tubesweb\system\CodeIgniter.php(326): CodeIgniter\CodeIgniter->handleRequest(NULL, Object(Config\Cache), false)
#5 D:\Xampp\htdocs\desainweb\kelas\tubes\tubesweb\public\index.php(37): CodeIgniter\CodeIgniter->run()
#6 D:\Xampp\htdocs\desainweb\kelas\tubes\tubesweb\system\Commands\Server\rewrite.php(43): require_once('D:\\Xampp\\htdocs...')
#7 {main}
CRITICAL - 2022-06-14 10:03:19 --> The original file is not a valid file.
#0 D:\Xampp\htdocs\desainweb\kelas\tubes\tubesweb\system\HTTP\Files\UploadedFile.php(137): CodeIgniter\HTTP\Exceptions\HTTPException::forInvalidFile()
#1 D:\Xampp\htdocs\desainweb\kelas\tubes\tubesweb\app\Controllers\Course.php(101): CodeIgniter\HTTP\Files\UploadedFile->move('../public/Asset...', '1655218999_9d34...')
#2 D:\Xampp\htdocs\desainweb\kelas\tubes\tubesweb\system\CodeIgniter.php(832): App\Controllers\Course->save('9')
#3 D:\Xampp\htdocs\desainweb\kelas\tubes\tubesweb\system\CodeIgniter.php(419): CodeIgniter\CodeIgniter->runController(Object(App\Controllers\Course))
#4 D:\Xampp\htdocs\desainweb\kelas\tubes\tubesweb\system\CodeIgniter.php(326): CodeIgniter\CodeIgniter->handleRequest(NULL, Object(Config\Cache), false)
#5 D:\Xampp\htdocs\desainweb\kelas\tubes\tubesweb\public\index.php(37): CodeIgniter\CodeIgniter->run()
#6 D:\Xampp\htdocs\desainweb\kelas\tubes\tubesweb\system\Commands\Server\rewrite.php(43): require_once('D:\\Xampp\\htdocs...')
#7 {main}
CRITICAL - 2022-06-14 10:06:48 --> The original file is not a valid file.
#0 D:\Xampp\htdocs\desainweb\kelas\tubes\tubesweb\system\HTTP\Files\UploadedFile.php(137): CodeIgniter\HTTP\Exceptions\HTTPException::forInvalidFile()
#1 D:\Xampp\htdocs\desainweb\kelas\tubes\tubesweb\app\Controllers\Course.php(101): CodeIgniter\HTTP\Files\UploadedFile->move('../public/Asset...', '1655219208_70f2...')
#2 D:\Xampp\htdocs\desainweb\kelas\tubes\tubesweb\system\CodeIgniter.php(832): App\Controllers\Course->save('11')
#3 D:\Xampp\htdocs\desainweb\kelas\tubes\tubesweb\system\CodeIgniter.php(419): CodeIgniter\CodeIgniter->runController(Object(App\Controllers\Course))
#4 D:\Xampp\htdocs\desainweb\kelas\tubes\tubesweb\system\CodeIgniter.php(326): CodeIgniter\CodeIgniter->handleRequest(NULL, Object(Config\Cache), false)
#5 D:\Xampp\htdocs\desainweb\kelas\tubes\tubesweb\public\index.php(37): CodeIgniter\CodeIgniter->run()
#6 D:\Xampp\htdocs\desainweb\kelas\tubes\tubesweb\system\Commands\Server\rewrite.php(43): require_once('D:\\Xampp\\htdocs...')
#7 {main}
CRITICAL - 2022-06-14 20:39:29 --> Too few arguments to function App\Controllers\Course::list(), 1 passed in D:\Xampp\htdocs\desainweb\kelas\tubes\tubesweb\system\CodeIgniter.php on line 832 and exactly 2 expected
#0 D:\Xampp\htdocs\desainweb\kelas\tubes\tubesweb\system\CodeIgniter.php(832): App\Controllers\Course->list('TI dan Perangka...')
#1 D:\Xampp\htdocs\desainweb\kelas\tubes\tubesweb\system\CodeIgniter.php(419): CodeIgniter\CodeIgniter->runController(Object(App\Controllers\Course))
#2 D:\Xampp\htdocs\desainweb\kelas\tubes\tubesweb\system\CodeIgniter.php(326): CodeIgniter\CodeIgniter->handleRequest(NULL, Object(Config\Cache), false)
#3 D:\Xampp\htdocs\desainweb\kelas\tubes\tubesweb\public\index.php(37): CodeIgniter\CodeIgniter->run()
#4 D:\Xampp\htdocs\desainweb\kelas\tubes\tubesweb\system\Commands\Server\rewrite.php(43): require_once('D:\\Xampp\\htdocs...')
#5 {main}
CRITICAL - 2022-06-14 21:07:24 --> Undefined variable: c
#0 D:\Xampp\htdocs\desainweb\kelas\tubes\tubesweb\app\Views\courselist.php(49): CodeIgniter\Debug\Exceptions->errorHandler(8, 'Undefined varia...', 'D:\\Xampp\\htdocs...', 49, Array)
#1 D:\Xampp\htdocs\desainweb\kelas\tubes\tubesweb\system\View\View.php(210): include('D:\\Xampp\\htdocs...')
#2 D:\Xampp\htdocs\desainweb\kelas\tubes\tubesweb\system\View\View.php(213): CodeIgniter\View\View->CodeIgniter\View\{closure}()
#3 D:\Xampp\htdocs\desainweb\kelas\tubes\tubesweb\system\Common.php(1089): CodeIgniter\View\View->render('courselist', Array, true)
#4 D:\Xampp\htdocs\desainweb\kelas\tubes\tubesweb\app\Controllers\Course.php(42): view('courselist', Array)
#5 D:\Xampp\htdocs\desainweb\kelas\tubes\tubesweb\system\CodeIgniter.php(832): App\Controllers\Course->listAdmin('TI dan Perangka...', 'admin')
#6 D:\Xampp\htdocs\desainweb\kelas\tubes\tubesweb\system\CodeIgniter.php(419): CodeIgniter\CodeIgniter->runController(Object(App\Controllers\Course))
#7 D:\Xampp\htdocs\desainweb\kelas\tubes\tubesweb\system\CodeIgniter.php(326): CodeIgniter\CodeIgniter->handleRequest(NULL, Object(Config\Cache), false)
#8 D:\Xampp\htdocs\desainweb\kelas\tubes\tubesweb\public\index.php(37): CodeIgniter\CodeIgniter->run()
#9 D:\Xampp\htdocs\desainweb\kelas\tubes\tubesweb\system\Commands\Server\rewrite.php(43): require_once('D:\\Xampp\\htdocs...')
#10 {main}
CRITICAL - 2022-06-14 21:10:51 --> Undefined variable: kategori
#0 D:\Xampp\htdocs\desainweb\kelas\tubes\tubesweb\app\Views\courselist.php(34): CodeIgniter\Debug\Exceptions->errorHandler(8, 'Undefined varia...', 'D:\\Xampp\\htdocs...', 34, Array)
#1 D:\Xampp\htdocs\desainweb\kelas\tubes\tubesweb\system\View\View.php(210): include('D:\\Xampp\\htdocs...')
#2 D:\Xampp\htdocs\desainweb\kelas\tubes\tubesweb\system\View\View.php(213): CodeIgniter\View\View->CodeIgniter\View\{closure}()
#3 D:\Xampp\htdocs\desainweb\kelas\tubes\tubesweb\system\Common.php(1089): CodeIgniter\View\View->render('courselist', Array, true)
#4 D:\Xampp\htdocs\desainweb\kelas\tubes\tubesweb\app\Controllers\Course.php(43): view('courselist', Array)
#5 D:\Xampp\htdocs\desainweb\kelas\tubes\tubesweb\system\CodeIgniter.php(832): App\Controllers\Course->listAdmin('TI dan Perangka...', 'admin')
#6 D:\Xampp\htdocs\desainweb\kelas\tubes\tubesweb\system\CodeIgniter.php(419): CodeIgniter\CodeIgniter->runController(Object(App\Controllers\Course))
#7 D:\Xampp\htdocs\desainweb\kelas\tubes\tubesweb\system\CodeIgniter.php(326): CodeIgniter\CodeIgniter->handleRequest(NULL, Object(Config\Cache), false)
#8 D:\Xampp\htdocs\desainweb\kelas\tubes\tubesweb\public\index.php(37): CodeIgniter\CodeIgniter->run()
#9 D:\Xampp\htdocs\desainweb\kelas\tubes\tubesweb\system\Commands\Server\rewrite.php(43): require_once('D:\\Xampp\\htdocs...')
#10 {main}
CRITICAL - 2022-06-14 21:11:16 --> Undefined variable: kategori
#0 D:\Xampp\htdocs\desainweb\kelas\tubes\tubesweb\app\Views\courselist.php(34): CodeIgniter\Debug\Exceptions->errorHandler(8, 'Undefined varia...', 'D:\\Xampp\\htdocs...', 34, Array)
#1 D:\Xampp\htdocs\desainweb\kelas\tubes\tubesweb\system\View\View.php(210): include('D:\\Xampp\\htdocs...')
#2 D:\Xampp\htdocs\desainweb\kelas\tubes\tubesweb\system\View\View.php(213): CodeIgniter\View\View->CodeIgniter\View\{closure}()
#3 D:\Xampp\htdocs\desainweb\kelas\tubes\tubesweb\system\Common.php(1089): CodeIgniter\View\View->render('courselist', Array, true)
#4 D:\Xampp\htdocs\desainweb\kelas\tubes\tubesweb\app\Controllers\Course.php(43): view('courselist', Array)
#5 D:\Xampp\htdocs\desainweb\kelas\tubes\tubesweb\system\CodeIgniter.php(832): App\Controllers\Course->listAdmin('Fotografi dan V...', 'admin')
#6 D:\Xampp\htdocs\desainweb\kelas\tubes\tubesweb\system\CodeIgniter.php(419): CodeIgniter\CodeIgniter->runController(Object(App\Controllers\Course))
#7 D:\Xampp\htdocs\desainweb\kelas\tubes\tubesweb\system\CodeIgniter.php(326): CodeIgniter\CodeIgniter->handleRequest(NULL, Object(Config\Cache), false)
#8 D:\Xampp\htdocs\desainweb\kelas\tubes\tubesweb\public\index.php(37): CodeIgniter\CodeIgniter->run()
#9 D:\Xampp\htdocs\desainweb\kelas\tubes\tubesweb\system\Commands\Server\rewrite.php(43): require_once('D:\\Xampp\\htdocs...')
#10 {main}
CRITICAL - 2022-06-14 21:11:20 --> Undefined variable: kategori
#0 D:\Xampp\htdocs\desainweb\kelas\tubes\tubesweb\app\Views\courselist.php(34): CodeIgniter\Debug\Exceptions->errorHandler(8, 'Undefined varia...', 'D:\\Xampp\\htdocs...', 34, Array)
#1 D:\Xampp\htdocs\desainweb\kelas\tubes\tubesweb\system\View\View.php(210): include('D:\\Xampp\\htdocs...')
#2 D:\Xampp\htdocs\desainweb\kelas\tubes\tubesweb\system\View\View.php(213): CodeIgniter\View\View->CodeIgniter\View\{closure}()
#3 D:\Xampp\htdocs\desainweb\kelas\tubes\tubesweb\system\Common.php(1089): CodeIgniter\View\View->render('courselist', Array, true)
#4 D:\Xampp\htdocs\desainweb\kelas\tubes\tubesweb\app\Controllers\Course.php(43): view('courselist', Array)
#5 D:\Xampp\htdocs\desainweb\kelas\tubes\tubesweb\system\CodeIgniter.php(832): App\Controllers\Course->listAdmin('Musik', 'admin')
#6 D:\Xampp\htdocs\desainweb\kelas\tubes\tubesweb\system\CodeIgniter.php(419): CodeIgniter\CodeIgniter->runController(Object(App\Controllers\Course))
#7 D:\Xampp\htdocs\desainweb\kelas\tubes\tubesweb\system\CodeIgniter.php(326): CodeIgniter\CodeIgniter->handleRequest(NULL, Object(Config\Cache), false)
#8 D:\Xampp\htdocs\desainweb\kelas\tubes\tubesweb\public\index.php(37): CodeIgniter\CodeIgniter->run()
#9 D:\Xampp\htdocs\desainweb\kelas\tubes\tubesweb\system\Commands\Server\rewrite.php(43): require_once('D:\\Xampp\\htdocs...')
#10 {main}
CRITICAL - 2022-06-14 21:11:50 --> Undefined variable: kategori
#0 D:\Xampp\htdocs\desainweb\kelas\tubes\tubesweb\app\Views\courselist.php(34): CodeIgniter\Debug\Exceptions->errorHandler(8, 'Undefined varia...', 'D:\\Xampp\\htdocs...', 34, Array)
#1 D:\Xampp\htdocs\desainweb\kelas\tubes\tubesweb\system\View\View.php(210): include('D:\\Xampp\\htdocs...')
#2 D:\Xampp\htdocs\desainweb\kelas\tubes\tubesweb\system\View\View.php(213): CodeIgniter\View\View->CodeIgniter\View\{closure}()
#3 D:\Xampp\htdocs\desainweb\kelas\tubes\tubesweb\system\Common.php(1089): CodeIgniter\View\View->render('courselist', Array, true)
#4 D:\Xampp\htdocs\desainweb\kelas\tubes\tubesweb\app\Controllers\Course.php(43): view('courselist', Array)
#5 D:\Xampp\htdocs\desainweb\kelas\tubes\tubesweb\system\CodeIgniter.php(832): App\Controllers\Course->listAdmin('TI dan Perangka...', 'admin')
#6 D:\Xampp\htdocs\desainweb\kelas\tubes\tubesweb\system\CodeIgniter.php(419): CodeIgniter\CodeIgniter->runController(Object(App\Controllers\Course))
#7 D:\Xampp\htdocs\desainweb\kelas\tubes\tubesweb\system\CodeIgniter.php(326): CodeIgniter\CodeIgniter->handleRequest(NULL, Object(Config\Cache), false)
#8 D:\Xampp\htdocs\desainweb\kelas\tubes\tubesweb\public\index.php(37): CodeIgniter\CodeIgniter->run()
#9 D:\Xampp\htdocs\desainweb\kelas\tubes\tubesweb\system\Commands\Server\rewrite.php(43): require_once('D:\\Xampp\\htdocs...')
#10 {main}
CRITICAL - 2022-06-14 21:11:55 --> Undefined variable: category
#0 D:\Xampp\htdocs\desainweb\kelas\tubes\tubesweb\app\Views\courselist.php(34): CodeIgniter\Debug\Exceptions->errorHandler(8, 'Undefined varia...', 'D:\\Xampp\\htdocs...', 34, Array)
#1 D:\Xampp\htdocs\desainweb\kelas\tubes\tubesweb\system\View\View.php(210): include('D:\\Xampp\\htdocs...')
#2 D:\Xampp\htdocs\desainweb\kelas\tubes\tubesweb\system\View\View.php(213): CodeIgniter\View\View->CodeIgniter\View\{closure}()
#3 D:\Xampp\htdocs\desainweb\kelas\tubes\tubesweb\system\Common.php(1089): CodeIgniter\View\View->render('courselist', Array, true)
#4 D:\Xampp\htdocs\desainweb\kelas\tubes\tubesweb\app\Controllers\Course.php(43): view('courselist', Array)
#5 D:\Xampp\htdocs\desainweb\kelas\tubes\tubesweb\system\CodeIgniter.php(832): App\Controllers\Course->listAdmin('TI dan Perangka...', 'admin')
#6 D:\Xampp\htdocs\desainweb\kelas\tubes\tubesweb\system\CodeIgniter.php(419): CodeIgniter\CodeIgniter->runController(Object(App\Controllers\Course))
#7 D:\Xampp\htdocs\desainweb\kelas\tubes\tubesweb\system\CodeIgniter.php(326): CodeIgniter\CodeIgniter->handleRequest(NULL, Object(Config\Cache), false)
#8 D:\Xampp\htdocs\desainweb\kelas\tubes\tubesweb\public\index.php(37): CodeIgniter\CodeIgniter->run()
#9 D:\Xampp\htdocs\desainweb\kelas\tubes\tubesweb\system\Commands\Server\rewrite.php(43): require_once('D:\\Xampp\\htdocs...')
#10 {main}
CRITICAL - 2022-06-14 21:12:31 --> Undefined variable: data
#0 D:\Xampp\htdocs\desainweb\kelas\tubes\tubesweb\app\Views\courselist.php(34): CodeIgniter\Debug\Exceptions->errorHandler(8, 'Undefined varia...', 'D:\\Xampp\\htdocs...', 34, Array)
#1 D:\Xampp\htdocs\desainweb\kelas\tubes\tubesweb\system\View\View.php(210): include('D:\\Xampp\\htdocs...')
#2 D:\Xampp\htdocs\desainweb\kelas\tubes\tubesweb\system\View\View.php(213): CodeIgniter\View\View->CodeIgniter\View\{closure}()
#3 D:\Xampp\htdocs\desainweb\kelas\tubes\tubesweb\system\Common.php(1089): CodeIgniter\View\View->render('courselist', Array, true)
#4 D:\Xampp\htdocs\desainweb\kelas\tubes\tubesweb\app\Controllers\Course.php(43): view('courselist', Array)
#5 D:\Xampp\htdocs\desainweb\kelas\tubes\tubesweb\system\CodeIgniter.php(832): App\Controllers\Course->listAdmin('TI dan Perangka...', 'admin')
#6 D:\Xampp\htdocs\desainweb\kelas\tubes\tubesweb\system\CodeIgniter.php(419): CodeIgniter\CodeIgniter->runController(Object(App\Controllers\Course))
#7 D:\Xampp\htdocs\desainweb\kelas\tubes\tubesweb\system\CodeIgniter.php(326): CodeIgniter\CodeIgniter->handleRequest(NULL, Object(Config\Cache), false)
#8 D:\Xampp\htdocs\desainweb\kelas\tubes\tubesweb\public\index.php(37): CodeIgniter\CodeIgniter->run()
#9 D:\Xampp\htdocs\desainweb\kelas\tubes\tubesweb\system\Commands\Server\rewrite.php(43): require_once('D:\\Xampp\\htdocs...')
#10 {main}
CRITICAL - 2022-06-14 21:12:46 --> Undefined variable: kategori
#0 D:\Xampp\htdocs\desainweb\kelas\tubes\tubesweb\app\Views\courselist.php(34): CodeIgniter\Debug\Exceptions->errorHandler(8, 'Undefined varia...', 'D:\\Xampp\\htdocs...', 34, Array)
#1 D:\Xampp\htdocs\desainweb\kelas\tubes\tubesweb\system\View\View.php(210): include('D:\\Xampp\\htdocs...')
#2 D:\Xampp\htdocs\desainweb\kelas\tubes\tubesweb\system\View\View.php(213): CodeIgniter\View\View->CodeIgniter\View\{closure}()
#3 D:\Xampp\htdocs\desainweb\kelas\tubes\tubesweb\system\Common.php(1089): CodeIgniter\View\View->render('courselist', Array, true)
#4 D:\Xampp\htdocs\desainweb\kelas\tubes\tubesweb\app\Controllers\Course.php(43): view('courselist', Array)
#5 D:\Xampp\htdocs\desainweb\kelas\tubes\tubesweb\system\CodeIgniter.php(832): App\Controllers\Course->listAdmin('TI dan Perangka...', 'admin')
#6 D:\Xampp\htdocs\desainweb\kelas\tubes\tubesweb\system\CodeIgniter.php(419): CodeIgniter\CodeIgniter->runController(Object(App\Controllers\Course))
#7 D:\Xampp\htdocs\desainweb\kelas\tubes\tubesweb\system\CodeIgniter.php(326): CodeIgniter\CodeIgniter->handleRequest(NULL, Object(Config\Cache), false)
#8 D:\Xampp\htdocs\desainweb\kelas\tubes\tubesweb\public\index.php(37): CodeIgniter\CodeIgniter->run()
#9 D:\Xampp\htdocs\desainweb\kelas\tubes\tubesweb\system\Commands\Server\rewrite.php(43): require_once('D:\\Xampp\\htdocs...')
#10 {main}
