CRITICAL - 2022-06-12 02:34:41 --> include(D:\Xampp\htdocs\desainweb\kelas\tubes\tubesweb\app\Views/Layout/navbar): failed to open stream: No such file or directory
#0 D:\Xampp\htdocs\desainweb\kelas\tubes\tubesweb\app\Views\home.php(12): CodeIgniter\Debug\Exceptions->errorHandler(2, 'include(D:\\Xamp...', 'D:\\Xampp\\htdocs...', 12, Array)
#1 D:\Xampp\htdocs\desainweb\kelas\tubes\tubesweb\app\Views\home.php(12): include()
#2 D:\Xampp\htdocs\desainweb\kelas\tubes\tubesweb\system\View\View.php(210): include('D:\\Xampp\\htdocs...')
#3 D:\Xampp\htdocs\desainweb\kelas\tubes\tubesweb\system\View\View.php(213): CodeIgniter\View\View->CodeIgniter\View\{closure}()
#4 D:\Xampp\htdocs\desainweb\kelas\tubes\tubesweb\system\Common.php(1089): CodeIgniter\View\View->render('home', Array, true)
#5 D:\Xampp\htdocs\desainweb\kelas\tubes\tubesweb\app\Controllers\Home.php(9): view('home')
#6 D:\Xampp\htdocs\desainweb\kelas\tubes\tubesweb\system\CodeIgniter.php(832): App\Controllers\Home->index()
#7 D:\Xampp\htdocs\desainweb\kelas\tubes\tubesweb\system\CodeIgniter.php(419): CodeIgniter\CodeIgniter->runController(Object(App\Controllers\Home))
#8 D:\Xampp\htdocs\desainweb\kelas\tubes\tubesweb\system\CodeIgniter.php(326): CodeIgniter\CodeIgniter->handleRequest(NULL, Object(Config\Cache), false)
#9 D:\Xampp\htdocs\desainweb\kelas\tubes\tubesweb\public\index.php(37): CodeIgniter\CodeIgniter->run()
#10 D:\Xampp\htdocs\desainweb\kelas\tubes\tubesweb\system\Commands\Server\rewrite.php(43): require_once('D:\\Xampp\\htdocs...')
#11 {main}
CRITICAL - 2022-06-12 02:35:01 --> include(Views/Layout/navbar.php): failed to open stream: No such file or directory
#0 D:\Xampp\htdocs\desainweb\kelas\tubes\tubesweb\app\Views\home.php(12): CodeIgniter\Debug\Exceptions->errorHandler(2, 'include(Views/L...', 'D:\\Xampp\\htdocs...', 12, Array)
#1 D:\Xampp\htdocs\desainweb\kelas\tubes\tubesweb\app\Views\home.php(12): include()
#2 D:\Xampp\htdocs\desainweb\kelas\tubes\tubesweb\system\View\View.php(210): include('D:\\Xampp\\htdocs...')
#3 D:\Xampp\htdocs\desainweb\kelas\tubes\tubesweb\system\View\View.php(213): CodeIgniter\View\View->CodeIgniter\View\{closure}()
#4 D:\Xampp\htdocs\desainweb\kelas\tubes\tubesweb\system\Common.php(1089): CodeIgniter\View\View->render('home', Array, true)
#5 D:\Xampp\htdocs\desainweb\kelas\tubes\tubesweb\app\Controllers\Home.php(9): view('home')
#6 D:\Xampp\htdocs\desainweb\kelas\tubes\tubesweb\system\CodeIgniter.php(832): App\Controllers\Home->index()
#7 D:\Xampp\htdocs\desainweb\kelas\tubes\tubesweb\system\CodeIgniter.php(419): CodeIgniter\CodeIgniter->runController(Object(App\Controllers\Home))
#8 D:\Xampp\htdocs\desainweb\kelas\tubes\tubesweb\system\CodeIgniter.php(326): CodeIgniter\CodeIgniter->handleRequest(NULL, Object(Config\Cache), false)
#9 D:\Xampp\htdocs\desainweb\kelas\tubes\tubesweb\public\index.php(37): CodeIgniter\CodeIgniter->run()
#10 D:\Xampp\htdocs\desainweb\kelas\tubes\tubesweb\system\Commands\Server\rewrite.php(43): require_once('D:\\Xampp\\htdocs...')
#11 {main}
ERROR - 2022-06-12 09:22:19 --> Error connecting to the database: Access denied for user ''@'localhost' (using password: NO)
CRITICAL - 2022-06-12 09:22:19 --> Unable to connect to the database.
Main connection [MySQLi]: Access denied for user ''@'localhost' (using password: NO)
#0 D:\Xampp\htdocs\desainweb\kelas\tubes\tubesweb\system\Database\BaseConnection.php(577): CodeIgniter\Database\BaseConnection->initialize()
#1 D:\Xampp\htdocs\desainweb\kelas\tubes\tubesweb\system\Database\BaseBuilder.php(1771): CodeIgniter\Database\BaseConnection->query('INSERT INTO `pe...', Array, false)
#2 D:\Xampp\htdocs\desainweb\kelas\tubes\tubesweb\system\Model.php(239): CodeIgniter\Database\BaseBuilder->insert()
#3 D:\Xampp\htdocs\desainweb\kelas\tubes\tubesweb\system\BaseModel.php(738): CodeIgniter\Model->doInsert(Array)
#4 D:\Xampp\htdocs\desainweb\kelas\tubes\tubesweb\system\Model.php(625): CodeIgniter\BaseModel->insert(Array, true)
#5 D:\Xampp\htdocs\desainweb\kelas\tubes\tubesweb\app\Models\PenggunaModel.php(35): CodeIgniter\Model->insert(Array)
#6 D:\Xampp\htdocs\desainweb\kelas\tubes\tubesweb\app\Controllers\Pengguna.php(32): App\Models\PenggunaModel->savePengguna(Array)
#7 D:\Xampp\htdocs\desainweb\kelas\tubes\tubesweb\system\CodeIgniter.php(832): App\Controllers\Pengguna->save()
#8 D:\Xampp\htdocs\desainweb\kelas\tubes\tubesweb\system\CodeIgniter.php(419): CodeIgniter\CodeIgniter->runController(Object(App\Controllers\Pengguna))
#9 D:\Xampp\htdocs\desainweb\kelas\tubes\tubesweb\system\CodeIgniter.php(326): CodeIgniter\CodeIgniter->handleRequest(NULL, Object(Config\Cache), false)
#10 D:\Xampp\htdocs\desainweb\kelas\tubes\tubesweb\public\index.php(37): CodeIgniter\CodeIgniter->run()
#11 D:\Xampp\htdocs\desainweb\kelas\tubes\tubesweb\system\Commands\Server\rewrite.php(43): require_once('D:\\Xampp\\htdocs...')
#12 {main}
CRITICAL - 2022-06-12 09:41:25 --> Call to undefined method App\Models\CourseModel::all
#0 D:\Xampp\htdocs\desainweb\kelas\tubes\tubesweb\app\Models\CourseModel.php(26): CodeIgniter\Model->__call('all', Array)
#1 D:\Xampp\htdocs\desainweb\kelas\tubes\tubesweb\app\Controllers\Course.php(17): App\Models\CourseModel->getCourseByCategory('Musik')
#2 D:\Xampp\htdocs\desainweb\kelas\tubes\tubesweb\system\CodeIgniter.php(832): App\Controllers\Course->index('Musik')
#3 D:\Xampp\htdocs\desainweb\kelas\tubes\tubesweb\system\CodeIgniter.php(419): CodeIgniter\CodeIgniter->runController(Object(App\Controllers\Course))
#4 D:\Xampp\htdocs\desainweb\kelas\tubes\tubesweb\system\CodeIgniter.php(326): CodeIgniter\CodeIgniter->handleRequest(NULL, Object(Config\Cache), false)
#5 D:\Xampp\htdocs\desainweb\kelas\tubes\tubesweb\public\index.php(37): CodeIgniter\CodeIgniter->run()
#6 D:\Xampp\htdocs\desainweb\kelas\tubes\tubesweb\system\Commands\Server\rewrite.php(43): require_once('D:\\Xampp\\htdocs...')
#7 {main}
CRITICAL - 2022-06-12 09:50:26 --> syntax error, unexpected end of file
#0 D:\Xampp\htdocs\desainweb\kelas\tubes\tubesweb\system\View\View.php(213): CodeIgniter\View\View->CodeIgniter\View\{closure}()
#1 D:\Xampp\htdocs\desainweb\kelas\tubes\tubesweb\system\Common.php(1089): CodeIgniter\View\View->render('courselist', Array, true)
#2 D:\Xampp\htdocs\desainweb\kelas\tubes\tubesweb\app\Controllers\Course.php(22): view('courselist', Array)
#3 D:\Xampp\htdocs\desainweb\kelas\tubes\tubesweb\system\CodeIgniter.php(832): App\Controllers\Course->index('Musik')
#4 D:\Xampp\htdocs\desainweb\kelas\tubes\tubesweb\system\CodeIgniter.php(419): CodeIgniter\CodeIgniter->runController(Object(App\Controllers\Course))
#5 D:\Xampp\htdocs\desainweb\kelas\tubes\tubesweb\system\CodeIgniter.php(326): CodeIgniter\CodeIgniter->handleRequest(NULL, Object(Config\Cache), false)
#6 D:\Xampp\htdocs\desainweb\kelas\tubes\tubesweb\public\index.php(37): CodeIgniter\CodeIgniter->run()
#7 D:\Xampp\htdocs\desainweb\kelas\tubes\tubesweb\system\Commands\Server\rewrite.php(43): require_once('D:\\Xampp\\htdocs...')
#8 {main}
CRITICAL - 2022-06-12 09:51:07 --> Illegal string offset 'judul'
#0 D:\Xampp\htdocs\desainweb\kelas\tubes\tubesweb\app\Views\courselist.php(29): CodeIgniter\Debug\Exceptions->errorHandler(2, 'Illegal string ...', 'D:\\Xampp\\htdocs...', 29, Array)
#1 D:\Xampp\htdocs\desainweb\kelas\tubes\tubesweb\system\View\View.php(210): include('D:\\Xampp\\htdocs...')
#2 D:\Xampp\htdocs\desainweb\kelas\tubes\tubesweb\system\View\View.php(213): CodeIgniter\View\View->CodeIgniter\View\{closure}()
#3 D:\Xampp\htdocs\desainweb\kelas\tubes\tubesweb\system\Common.php(1089): CodeIgniter\View\View->render('courselist', Array, true)
#4 D:\Xampp\htdocs\desainweb\kelas\tubes\tubesweb\app\Controllers\Course.php(22): view('courselist', Array)
#5 D:\Xampp\htdocs\desainweb\kelas\tubes\tubesweb\system\CodeIgniter.php(832): App\Controllers\Course->index('Musik')
#6 D:\Xampp\htdocs\desainweb\kelas\tubes\tubesweb\system\CodeIgniter.php(419): CodeIgniter\CodeIgniter->runController(Object(App\Controllers\Course))
#7 D:\Xampp\htdocs\desainweb\kelas\tubes\tubesweb\system\CodeIgniter.php(326): CodeIgniter\CodeIgniter->handleRequest(NULL, Object(Config\Cache), false)
#8 D:\Xampp\htdocs\desainweb\kelas\tubes\tubesweb\public\index.php(37): CodeIgniter\CodeIgniter->run()
#9 D:\Xampp\htdocs\desainweb\kelas\tubes\tubesweb\system\Commands\Server\rewrite.php(43): require_once('D:\\Xampp\\htdocs...')
#10 {main}
CRITICAL - 2022-06-12 09:53:07 --> Trying to access array offset on value of type null
#0 D:\Xampp\htdocs\desainweb\kelas\tubes\tubesweb\app\Views\courselist.php(29): CodeIgniter\Debug\Exceptions->errorHandler(8, 'Trying to acces...', 'D:\\Xampp\\htdocs...', 29, Array)
#1 D:\Xampp\htdocs\desainweb\kelas\tubes\tubesweb\system\View\View.php(210): include('D:\\Xampp\\htdocs...')
#2 D:\Xampp\htdocs\desainweb\kelas\tubes\tubesweb\system\View\View.php(213): CodeIgniter\View\View->CodeIgniter\View\{closure}()
#3 D:\Xampp\htdocs\desainweb\kelas\tubes\tubesweb\system\Common.php(1089): CodeIgniter\View\View->render('courselist', Array, true)
#4 D:\Xampp\htdocs\desainweb\kelas\tubes\tubesweb\app\Controllers\Course.php(22): view('courselist', Array)
#5 D:\Xampp\htdocs\desainweb\kelas\tubes\tubesweb\system\CodeIgniter.php(832): App\Controllers\Course->index('Musik')
#6 D:\Xampp\htdocs\desainweb\kelas\tubes\tubesweb\system\CodeIgniter.php(419): CodeIgniter\CodeIgniter->runController(Object(App\Controllers\Course))
#7 D:\Xampp\htdocs\desainweb\kelas\tubes\tubesweb\system\CodeIgniter.php(326): CodeIgniter\CodeIgniter->handleRequest(NULL, Object(Config\Cache), false)
#8 D:\Xampp\htdocs\desainweb\kelas\tubes\tubesweb\public\index.php(37): CodeIgniter\CodeIgniter->run()
#9 D:\Xampp\htdocs\desainweb\kelas\tubes\tubesweb\system\Commands\Server\rewrite.php(43): require_once('D:\\Xampp\\htdocs...')
#10 {main}
CRITICAL - 2022-06-12 10:00:27 --> Cannot use object of type mysqli as array
#0 D:\Xampp\htdocs\desainweb\kelas\tubes\tubesweb\system\View\View.php(210): include()
#1 D:\Xampp\htdocs\desainweb\kelas\tubes\tubesweb\system\View\View.php(213): CodeIgniter\View\View->CodeIgniter\View\{closure}()
#2 D:\Xampp\htdocs\desainweb\kelas\tubes\tubesweb\system\Common.php(1089): CodeIgniter\View\View->render('courselist', Array, true)
#3 D:\Xampp\htdocs\desainweb\kelas\tubes\tubesweb\app\Controllers\Course.php(22): view('courselist', Array)
#4 D:\Xampp\htdocs\desainweb\kelas\tubes\tubesweb\system\CodeIgniter.php(832): App\Controllers\Course->index('Musik')
#5 D:\Xampp\htdocs\desainweb\kelas\tubes\tubesweb\system\CodeIgniter.php(419): CodeIgniter\CodeIgniter->runController(Object(App\Controllers\Course))
#6 D:\Xampp\htdocs\desainweb\kelas\tubes\tubesweb\system\CodeIgniter.php(326): CodeIgniter\CodeIgniter->handleRequest(NULL, Object(Config\Cache), false)
#7 D:\Xampp\htdocs\desainweb\kelas\tubes\tubesweb\public\index.php(37): CodeIgniter\CodeIgniter->run()
#8 D:\Xampp\htdocs\desainweb\kelas\tubes\tubesweb\system\Commands\Server\rewrite.php(43): require_once('D:\\Xampp\\htdocs...')
#9 {main}
CRITICAL - 2022-06-12 10:05:40 --> Illegal string offset 'judul'
#0 D:\Xampp\htdocs\desainweb\kelas\tubes\tubesweb\app\Views\courselist.php(29): CodeIgniter\Debug\Exceptions->errorHandler(2, 'Illegal string ...', 'D:\\Xampp\\htdocs...', 29, Array)
#1 D:\Xampp\htdocs\desainweb\kelas\tubes\tubesweb\system\View\View.php(210): include('D:\\Xampp\\htdocs...')
#2 D:\Xampp\htdocs\desainweb\kelas\tubes\tubesweb\system\View\View.php(213): CodeIgniter\View\View->CodeIgniter\View\{closure}()
#3 D:\Xampp\htdocs\desainweb\kelas\tubes\tubesweb\system\Common.php(1089): CodeIgniter\View\View->render('courselist', Array, true)
#4 D:\Xampp\htdocs\desainweb\kelas\tubes\tubesweb\app\Controllers\Course.php(30): view('courselist', Array)
#5 D:\Xampp\htdocs\desainweb\kelas\tubes\tubesweb\system\CodeIgniter.php(832): App\Controllers\Course->list('Musik')
#6 D:\Xampp\htdocs\desainweb\kelas\tubes\tubesweb\system\CodeIgniter.php(419): CodeIgniter\CodeIgniter->runController(Object(App\Controllers\Course))
#7 D:\Xampp\htdocs\desainweb\kelas\tubes\tubesweb\system\CodeIgniter.php(326): CodeIgniter\CodeIgniter->handleRequest(NULL, Object(Config\Cache), false)
#8 D:\Xampp\htdocs\desainweb\kelas\tubes\tubesweb\public\index.php(37): CodeIgniter\CodeIgniter->run()
#9 D:\Xampp\htdocs\desainweb\kelas\tubes\tubesweb\system\Commands\Server\rewrite.php(43): require_once('D:\\Xampp\\htdocs...')
#10 {main}
CRITICAL - 2022-06-12 10:06:26 --> Trying to access array offset on value of type null
#0 D:\Xampp\htdocs\desainweb\kelas\tubes\tubesweb\app\Views\courselist.php(29): CodeIgniter\Debug\Exceptions->errorHandler(8, 'Trying to acces...', 'D:\\Xampp\\htdocs...', 29, Array)
#1 D:\Xampp\htdocs\desainweb\kelas\tubes\tubesweb\system\View\View.php(210): include('D:\\Xampp\\htdocs...')
#2 D:\Xampp\htdocs\desainweb\kelas\tubes\tubesweb\system\View\View.php(213): CodeIgniter\View\View->CodeIgniter\View\{closure}()
#3 D:\Xampp\htdocs\desainweb\kelas\tubes\tubesweb\system\Common.php(1089): CodeIgniter\View\View->render('courselist', Array, true)
#4 D:\Xampp\htdocs\desainweb\kelas\tubes\tubesweb\app\Controllers\Course.php(30): view('courselist', Array)
#5 D:\Xampp\htdocs\desainweb\kelas\tubes\tubesweb\system\CodeIgniter.php(832): App\Controllers\Course->list('Musik')
#6 D:\Xampp\htdocs\desainweb\kelas\tubes\tubesweb\system\CodeIgniter.php(419): CodeIgniter\CodeIgniter->runController(Object(App\Controllers\Course))
#7 D:\Xampp\htdocs\desainweb\kelas\tubes\tubesweb\system\CodeIgniter.php(326): CodeIgniter\CodeIgniter->handleRequest(NULL, Object(Config\Cache), false)
#8 D:\Xampp\htdocs\desainweb\kelas\tubes\tubesweb\public\index.php(37): CodeIgniter\CodeIgniter->run()
#9 D:\Xampp\htdocs\desainweb\kelas\tubes\tubesweb\system\Commands\Server\rewrite.php(43): require_once('D:\\Xampp\\htdocs...')
#10 {main}
CRITICAL - 2022-06-12 10:10:57 --> Trying to access array offset on value of type null
#0 D:\Xampp\htdocs\desainweb\kelas\tubes\tubesweb\app\Views\courselist.php(29): CodeIgniter\Debug\Exceptions->errorHandler(8, 'Trying to acces...', 'D:\\Xampp\\htdocs...', 29, Array)
#1 D:\Xampp\htdocs\desainweb\kelas\tubes\tubesweb\system\View\View.php(210): include('D:\\Xampp\\htdocs...')
#2 D:\Xampp\htdocs\desainweb\kelas\tubes\tubesweb\system\View\View.php(213): CodeIgniter\View\View->CodeIgniter\View\{closure}()
#3 D:\Xampp\htdocs\desainweb\kelas\tubes\tubesweb\system\Common.php(1089): CodeIgniter\View\View->render('courselist', Array, true)
#4 D:\Xampp\htdocs\desainweb\kelas\tubes\tubesweb\app\Controllers\Course.php(30): view('courselist', Array)
#5 D:\Xampp\htdocs\desainweb\kelas\tubes\tubesweb\system\CodeIgniter.php(832): App\Controllers\Course->list('Musik')
#6 D:\Xampp\htdocs\desainweb\kelas\tubes\tubesweb\system\CodeIgniter.php(419): CodeIgniter\CodeIgniter->runController(Object(App\Controllers\Course))
#7 D:\Xampp\htdocs\desainweb\kelas\tubes\tubesweb\system\CodeIgniter.php(326): CodeIgniter\CodeIgniter->handleRequest(NULL, Object(Config\Cache), false)
#8 D:\Xampp\htdocs\desainweb\kelas\tubes\tubesweb\public\index.php(37): CodeIgniter\CodeIgniter->run()
#9 D:\Xampp\htdocs\desainweb\kelas\tubes\tubesweb\system\Commands\Server\rewrite.php(43): require_once('D:\\Xampp\\htdocs...')
#10 {main}
CRITICAL - 2022-06-12 10:11:38 --> Trying to access array offset on value of type null
#0 D:\Xampp\htdocs\desainweb\kelas\tubes\tubesweb\app\Views\courselist.php(29): CodeIgniter\Debug\Exceptions->errorHandler(8, 'Trying to acces...', 'D:\\Xampp\\htdocs...', 29, Array)
#1 D:\Xampp\htdocs\desainweb\kelas\tubes\tubesweb\system\View\View.php(210): include('D:\\Xampp\\htdocs...')
#2 D:\Xampp\htdocs\desainweb\kelas\tubes\tubesweb\system\View\View.php(213): CodeIgniter\View\View->CodeIgniter\View\{closure}()
#3 D:\Xampp\htdocs\desainweb\kelas\tubes\tubesweb\system\Common.php(1089): CodeIgniter\View\View->render('courselist', Array, true)
#4 D:\Xampp\htdocs\desainweb\kelas\tubes\tubesweb\app\Controllers\Course.php(30): view('courselist', Array)
#5 D:\Xampp\htdocs\desainweb\kelas\tubes\tubesweb\system\CodeIgniter.php(832): App\Controllers\Course->list('Assets', 'courselist1-dar...')
#6 D:\Xampp\htdocs\desainweb\kelas\tubes\tubesweb\system\CodeIgniter.php(419): CodeIgniter\CodeIgniter->runController(Object(App\Controllers\Course))
#7 D:\Xampp\htdocs\desainweb\kelas\tubes\tubesweb\system\CodeIgniter.php(326): CodeIgniter\CodeIgniter->handleRequest(NULL, Object(Config\Cache), false)
#8 D:\Xampp\htdocs\desainweb\kelas\tubes\tubesweb\public\index.php(37): CodeIgniter\CodeIgniter->run()
#9 D:\Xampp\htdocs\desainweb\kelas\tubes\tubesweb\system\Commands\Server\rewrite.php(43): require_once('D:\\Xampp\\htdocs...')
#10 {main}
CRITICAL - 2022-06-12 10:11:42 --> Undefined index: judul
#0 D:\Xampp\htdocs\desainweb\kelas\tubes\tubesweb\app\Views\courselist.php(29): CodeIgniter\Debug\Exceptions->errorHandler(8, 'Undefined index...', 'D:\\Xampp\\htdocs...', 29, Array)
#1 D:\Xampp\htdocs\desainweb\kelas\tubes\tubesweb\system\View\View.php(210): include('D:\\Xampp\\htdocs...')
#2 D:\Xampp\htdocs\desainweb\kelas\tubes\tubesweb\system\View\View.php(213): CodeIgniter\View\View->CodeIgniter\View\{closure}()
#3 D:\Xampp\htdocs\desainweb\kelas\tubes\tubesweb\system\Common.php(1089): CodeIgniter\View\View->render('courselist', Array, true)
#4 D:\Xampp\htdocs\desainweb\kelas\tubes\tubesweb\app\Controllers\Course.php(21): view('courselist', Array)
#5 D:\Xampp\htdocs\desainweb\kelas\tubes\tubesweb\system\CodeIgniter.php(832): App\Controllers\Course->index()
#6 D:\Xampp\htdocs\desainweb\kelas\tubes\tubesweb\system\CodeIgniter.php(419): CodeIgniter\CodeIgniter->runController(Object(App\Controllers\Course))
#7 D:\Xampp\htdocs\desainweb\kelas\tubes\tubesweb\system\CodeIgniter.php(326): CodeIgniter\CodeIgniter->handleRequest(NULL, Object(Config\Cache), false)
#8 D:\Xampp\htdocs\desainweb\kelas\tubes\tubesweb\public\index.php(37): CodeIgniter\CodeIgniter->run()
#9 D:\Xampp\htdocs\desainweb\kelas\tubes\tubesweb\system\Commands\Server\rewrite.php(43): require_once('D:\\Xampp\\htdocs...')
#10 {main}
CRITICAL - 2022-06-12 10:11:46 --> Trying to access array offset on value of type null
#0 D:\Xampp\htdocs\desainweb\kelas\tubes\tubesweb\app\Views\courselist.php(29): CodeIgniter\Debug\Exceptions->errorHandler(8, 'Trying to acces...', 'D:\\Xampp\\htdocs...', 29, Array)
#1 D:\Xampp\htdocs\desainweb\kelas\tubes\tubesweb\system\View\View.php(210): include('D:\\Xampp\\htdocs...')
#2 D:\Xampp\htdocs\desainweb\kelas\tubes\tubesweb\system\View\View.php(213): CodeIgniter\View\View->CodeIgniter\View\{closure}()
#3 D:\Xampp\htdocs\desainweb\kelas\tubes\tubesweb\system\Common.php(1089): CodeIgniter\View\View->render('courselist', Array, true)
#4 D:\Xampp\htdocs\desainweb\kelas\tubes\tubesweb\app\Controllers\Course.php(30): view('courselist', Array)
#5 D:\Xampp\htdocs\desainweb\kelas\tubes\tubesweb\system\CodeIgniter.php(832): App\Controllers\Course->list('Assets', 'courselist1-dar...')
#6 D:\Xampp\htdocs\desainweb\kelas\tubes\tubesweb\system\CodeIgniter.php(419): CodeIgniter\CodeIgniter->runController(Object(App\Controllers\Course))
#7 D:\Xampp\htdocs\desainweb\kelas\tubes\tubesweb\system\CodeIgniter.php(326): CodeIgniter\CodeIgniter->handleRequest(NULL, Object(Config\Cache), false)
#8 D:\Xampp\htdocs\desainweb\kelas\tubes\tubesweb\public\index.php(37): CodeIgniter\CodeIgniter->run()
#9 D:\Xampp\htdocs\desainweb\kelas\tubes\tubesweb\system\Commands\Server\rewrite.php(43): require_once('D:\\Xampp\\htdocs...')
#10 {main}
CRITICAL - 2022-06-12 10:13:46 --> Trying to access array offset on value of type null
#0 D:\Xampp\htdocs\desainweb\kelas\tubes\tubesweb\app\Views\courselist.php(29): CodeIgniter\Debug\Exceptions->errorHandler(8, 'Trying to acces...', 'D:\\Xampp\\htdocs...', 29, Array)
#1 D:\Xampp\htdocs\desainweb\kelas\tubes\tubesweb\system\View\View.php(210): include('D:\\Xampp\\htdocs...')
#2 D:\Xampp\htdocs\desainweb\kelas\tubes\tubesweb\system\View\View.php(213): CodeIgniter\View\View->CodeIgniter\View\{closure}()
#3 D:\Xampp\htdocs\desainweb\kelas\tubes\tubesweb\system\Common.php(1089): CodeIgniter\View\View->render('courselist', Array, true)
#4 D:\Xampp\htdocs\desainweb\kelas\tubes\tubesweb\app\Controllers\Course.php(30): view('courselist', Array)
#5 D:\Xampp\htdocs\desainweb\kelas\tubes\tubesweb\system\CodeIgniter.php(832): App\Controllers\Course->list('TI dan Perangka...')
#6 D:\Xampp\htdocs\desainweb\kelas\tubes\tubesweb\system\CodeIgniter.php(419): CodeIgniter\CodeIgniter->runController(Object(App\Controllers\Course))
#7 D:\Xampp\htdocs\desainweb\kelas\tubes\tubesweb\system\CodeIgniter.php(326): CodeIgniter\CodeIgniter->handleRequest(NULL, Object(Config\Cache), false)
#8 D:\Xampp\htdocs\desainweb\kelas\tubes\tubesweb\public\index.php(37): CodeIgniter\CodeIgniter->run()
#9 D:\Xampp\htdocs\desainweb\kelas\tubes\tubesweb\system\Commands\Server\rewrite.php(43): require_once('D:\\Xampp\\htdocs...')
#10 {main}
CRITICAL - 2022-06-12 10:14:12 --> Trying to access array offset on value of type null
#0 D:\Xampp\htdocs\desainweb\kelas\tubes\tubesweb\app\Views\courselist.php(29): CodeIgniter\Debug\Exceptions->errorHandler(8, 'Trying to acces...', 'D:\\Xampp\\htdocs...', 29, Array)
#1 D:\Xampp\htdocs\desainweb\kelas\tubes\tubesweb\system\View\View.php(210): include('D:\\Xampp\\htdocs...')
#2 D:\Xampp\htdocs\desainweb\kelas\tubes\tubesweb\system\View\View.php(213): CodeIgniter\View\View->CodeIgniter\View\{closure}()
#3 D:\Xampp\htdocs\desainweb\kelas\tubes\tubesweb\system\Common.php(1089): CodeIgniter\View\View->render('courselist', Array, true)
#4 D:\Xampp\htdocs\desainweb\kelas\tubes\tubesweb\app\Controllers\Course.php(30): view('courselist', Array)
#5 D:\Xampp\htdocs\desainweb\kelas\tubes\tubesweb\system\CodeIgniter.php(832): App\Controllers\Course->list('Bisnis')
#6 D:\Xampp\htdocs\desainweb\kelas\tubes\tubesweb\system\CodeIgniter.php(419): CodeIgniter\CodeIgniter->runController(Object(App\Controllers\Course))
#7 D:\Xampp\htdocs\desainweb\kelas\tubes\tubesweb\system\CodeIgniter.php(326): CodeIgniter\CodeIgniter->handleRequest(NULL, Object(Config\Cache), false)
#8 D:\Xampp\htdocs\desainweb\kelas\tubes\tubesweb\public\index.php(37): CodeIgniter\CodeIgniter->run()
#9 D:\Xampp\htdocs\desainweb\kelas\tubes\tubesweb\system\Commands\Server\rewrite.php(43): require_once('D:\\Xampp\\htdocs...')
#10 {main}
CRITICAL - 2022-06-12 10:14:15 --> Trying to access array offset on value of type null
#0 D:\Xampp\htdocs\desainweb\kelas\tubes\tubesweb\app\Views\courselist.php(29): CodeIgniter\Debug\Exceptions->errorHandler(8, 'Trying to acces...', 'D:\\Xampp\\htdocs...', 29, Array)
#1 D:\Xampp\htdocs\desainweb\kelas\tubes\tubesweb\system\View\View.php(210): include('D:\\Xampp\\htdocs...')
#2 D:\Xampp\htdocs\desainweb\kelas\tubes\tubesweb\system\View\View.php(213): CodeIgniter\View\View->CodeIgniter\View\{closure}()
#3 D:\Xampp\htdocs\desainweb\kelas\tubes\tubesweb\system\Common.php(1089): CodeIgniter\View\View->render('courselist', Array, true)
#4 D:\Xampp\htdocs\desainweb\kelas\tubes\tubesweb\app\Controllers\Course.php(30): view('courselist', Array)
#5 D:\Xampp\htdocs\desainweb\kelas\tubes\tubesweb\system\CodeIgniter.php(832): App\Controllers\Course->list('Fotografi dan V...')
#6 D:\Xampp\htdocs\desainweb\kelas\tubes\tubesweb\system\CodeIgniter.php(419): CodeIgniter\CodeIgniter->runController(Object(App\Controllers\Course))
#7 D:\Xampp\htdocs\desainweb\kelas\tubes\tubesweb\system\CodeIgniter.php(326): CodeIgniter\CodeIgniter->handleRequest(NULL, Object(Config\Cache), false)
#8 D:\Xampp\htdocs\desainweb\kelas\tubes\tubesweb\public\index.php(37): CodeIgniter\CodeIgniter->run()
#9 D:\Xampp\htdocs\desainweb\kelas\tubes\tubesweb\system\Commands\Server\rewrite.php(43): require_once('D:\\Xampp\\htdocs...')
#10 {main}
CRITICAL - 2022-06-12 10:14:17 --> Trying to access array offset on value of type null
#0 D:\Xampp\htdocs\desainweb\kelas\tubes\tubesweb\app\Views\courselist.php(29): CodeIgniter\Debug\Exceptions->errorHandler(8, 'Trying to acces...', 'D:\\Xampp\\htdocs...', 29, Array)
#1 D:\Xampp\htdocs\desainweb\kelas\tubes\tubesweb\system\View\View.php(210): include('D:\\Xampp\\htdocs...')
#2 D:\Xampp\htdocs\desainweb\kelas\tubes\tubesweb\system\View\View.php(213): CodeIgniter\View\View->CodeIgniter\View\{closure}()
#3 D:\Xampp\htdocs\desainweb\kelas\tubes\tubesweb\system\Common.php(1089): CodeIgniter\View\View->render('courselist', Array, true)
#4 D:\Xampp\htdocs\desainweb\kelas\tubes\tubesweb\app\Controllers\Course.php(30): view('courselist', Array)
#5 D:\Xampp\htdocs\desainweb\kelas\tubes\tubesweb\system\CodeIgniter.php(832): App\Controllers\Course->list('Assets', 'courselist1-dar...')
#6 D:\Xampp\htdocs\desainweb\kelas\tubes\tubesweb\system\CodeIgniter.php(419): CodeIgniter\CodeIgniter->runController(Object(App\Controllers\Course))
#7 D:\Xampp\htdocs\desainweb\kelas\tubes\tubesweb\system\CodeIgniter.php(326): CodeIgniter\CodeIgniter->handleRequest(NULL, Object(Config\Cache), false)
#8 D:\Xampp\htdocs\desainweb\kelas\tubes\tubesweb\public\index.php(37): CodeIgniter\CodeIgniter->run()
#9 D:\Xampp\htdocs\desainweb\kelas\tubes\tubesweb\system\Commands\Server\rewrite.php(43): require_once('D:\\Xampp\\htdocs...')
#10 {main}
CRITICAL - 2022-06-12 10:14:34 --> Cannot use object of type App\Models\CourseModel as array
#0 D:\Xampp\htdocs\desainweb\kelas\tubes\tubesweb\system\View\View.php(210): include()
#1 D:\Xampp\htdocs\desainweb\kelas\tubes\tubesweb\system\View\View.php(213): CodeIgniter\View\View->CodeIgniter\View\{closure}()
#2 D:\Xampp\htdocs\desainweb\kelas\tubes\tubesweb\system\Common.php(1089): CodeIgniter\View\View->render('courselist', Array, true)
#3 D:\Xampp\htdocs\desainweb\kelas\tubes\tubesweb\app\Controllers\Course.php(30): view('courselist', Array)
#4 D:\Xampp\htdocs\desainweb\kelas\tubes\tubesweb\system\CodeIgniter.php(832): App\Controllers\Course->list('Musik')
#5 D:\Xampp\htdocs\desainweb\kelas\tubes\tubesweb\system\CodeIgniter.php(419): CodeIgniter\CodeIgniter->runController(Object(App\Controllers\Course))
#6 D:\Xampp\htdocs\desainweb\kelas\tubes\tubesweb\system\CodeIgniter.php(326): CodeIgniter\CodeIgniter->handleRequest(NULL, Object(Config\Cache), false)
#7 D:\Xampp\htdocs\desainweb\kelas\tubes\tubesweb\public\index.php(37): CodeIgniter\CodeIgniter->run()
#8 D:\Xampp\htdocs\desainweb\kelas\tubes\tubesweb\system\Commands\Server\rewrite.php(43): require_once('D:\\Xampp\\htdocs...')
#9 {main}
CRITICAL - 2022-06-12 10:14:58 --> Undefined index: judul
#0 D:\Xampp\htdocs\desainweb\kelas\tubes\tubesweb\app\Views\courselist.php(29): CodeIgniter\Debug\Exceptions->errorHandler(8, 'Undefined index...', 'D:\\Xampp\\htdocs...', 29, Array)
#1 D:\Xampp\htdocs\desainweb\kelas\tubes\tubesweb\system\View\View.php(210): include('D:\\Xampp\\htdocs...')
#2 D:\Xampp\htdocs\desainweb\kelas\tubes\tubesweb\system\View\View.php(213): CodeIgniter\View\View->CodeIgniter\View\{closure}()
#3 D:\Xampp\htdocs\desainweb\kelas\tubes\tubesweb\system\Common.php(1089): CodeIgniter\View\View->render('courselist', Array, true)
#4 D:\Xampp\htdocs\desainweb\kelas\tubes\tubesweb\app\Controllers\Course.php(21): view('courselist', Array)
#5 D:\Xampp\htdocs\desainweb\kelas\tubes\tubesweb\system\CodeIgniter.php(832): App\Controllers\Course->index('Musik')
#6 D:\Xampp\htdocs\desainweb\kelas\tubes\tubesweb\system\CodeIgniter.php(419): CodeIgniter\CodeIgniter->runController(Object(App\Controllers\Course))
#7 D:\Xampp\htdocs\desainweb\kelas\tubes\tubesweb\system\CodeIgniter.php(326): CodeIgniter\CodeIgniter->handleRequest(NULL, Object(Config\Cache), false)
#8 D:\Xampp\htdocs\desainweb\kelas\tubes\tubesweb\public\index.php(37): CodeIgniter\CodeIgniter->run()
#9 D:\Xampp\htdocs\desainweb\kelas\tubes\tubesweb\system\Commands\Server\rewrite.php(43): require_once('D:\\Xampp\\htdocs...')
#10 {main}
CRITICAL - 2022-06-12 10:18:40 --> Argument 1 passed to CodeIgniter\BaseModel::findAll() must be of the type int, string given, called in D:\Xampp\htdocs\desainweb\kelas\tubes\tubesweb\app\Models\CourseModel.php on line 28
#0 D:\Xampp\htdocs\desainweb\kelas\tubes\tubesweb\app\Models\CourseModel.php(28): CodeIgniter\BaseModel->findAll('kategori', 'Musik')
#1 D:\Xampp\htdocs\desainweb\kelas\tubes\tubesweb\app\Controllers\Course.php(26): App\Models\CourseModel->getCourseByCategory('Musik')
#2 D:\Xampp\htdocs\desainweb\kelas\tubes\tubesweb\system\CodeIgniter.php(832): App\Controllers\Course->list('Musik')
#3 D:\Xampp\htdocs\desainweb\kelas\tubes\tubesweb\system\CodeIgniter.php(419): CodeIgniter\CodeIgniter->runController(Object(App\Controllers\Course))
#4 D:\Xampp\htdocs\desainweb\kelas\tubes\tubesweb\system\CodeIgniter.php(326): CodeIgniter\CodeIgniter->handleRequest(NULL, Object(Config\Cache), false)
#5 D:\Xampp\htdocs\desainweb\kelas\tubes\tubesweb\public\index.php(37): CodeIgniter\CodeIgniter->run()
#6 D:\Xampp\htdocs\desainweb\kelas\tubes\tubesweb\system\Commands\Server\rewrite.php(43): require_once('D:\\Xampp\\htdocs...')
#7 {main}
CRITICAL - 2022-06-12 10:20:44 --> Trying to access array offset on value of type null
#0 D:\Xampp\htdocs\desainweb\kelas\tubes\tubesweb\app\Views\courselist.php(29): CodeIgniter\Debug\Exceptions->errorHandler(8, 'Trying to acces...', 'D:\\Xampp\\htdocs...', 29, Array)
#1 D:\Xampp\htdocs\desainweb\kelas\tubes\tubesweb\system\View\View.php(210): include('D:\\Xampp\\htdocs...')
#2 D:\Xampp\htdocs\desainweb\kelas\tubes\tubesweb\system\View\View.php(213): CodeIgniter\View\View->CodeIgniter\View\{closure}()
#3 D:\Xampp\htdocs\desainweb\kelas\tubes\tubesweb\system\Common.php(1089): CodeIgniter\View\View->render('courselist', Array, true)
#4 D:\Xampp\htdocs\desainweb\kelas\tubes\tubesweb\app\Controllers\Course.php(30): view('courselist', Array)
#5 D:\Xampp\htdocs\desainweb\kelas\tubes\tubesweb\system\CodeIgniter.php(832): App\Controllers\Course->list('Musik')
#6 D:\Xampp\htdocs\desainweb\kelas\tubes\tubesweb\system\CodeIgniter.php(419): CodeIgniter\CodeIgniter->runController(Object(App\Controllers\Course))
#7 D:\Xampp\htdocs\desainweb\kelas\tubes\tubesweb\system\CodeIgniter.php(326): CodeIgniter\CodeIgniter->handleRequest(NULL, Object(Config\Cache), false)
#8 D:\Xampp\htdocs\desainweb\kelas\tubes\tubesweb\public\index.php(37): CodeIgniter\CodeIgniter->run()
#9 D:\Xampp\htdocs\desainweb\kelas\tubes\tubesweb\system\Commands\Server\rewrite.php(43): require_once('D:\\Xampp\\htdocs...')
#10 {main}
CRITICAL - 2022-06-12 10:25:32 --> Invalid argument supplied for foreach()
#0 D:\Xampp\htdocs\desainweb\kelas\tubes\tubesweb\app\Views\courselist.php(22): CodeIgniter\Debug\Exceptions->errorHandler(2, 'Invalid argumen...', 'D:\\Xampp\\htdocs...', 22, Array)
#1 D:\Xampp\htdocs\desainweb\kelas\tubes\tubesweb\system\View\View.php(210): include('D:\\Xampp\\htdocs...')
#2 D:\Xampp\htdocs\desainweb\kelas\tubes\tubesweb\system\View\View.php(213): CodeIgniter\View\View->CodeIgniter\View\{closure}()
#3 D:\Xampp\htdocs\desainweb\kelas\tubes\tubesweb\system\Common.php(1089): CodeIgniter\View\View->render('courselist', Array, true)
#4 D:\Xampp\htdocs\desainweb\kelas\tubes\tubesweb\app\Controllers\Course.php(30): view('courselist', Array)
#5 D:\Xampp\htdocs\desainweb\kelas\tubes\tubesweb\system\CodeIgniter.php(832): App\Controllers\Course->list('Musik')
#6 D:\Xampp\htdocs\desainweb\kelas\tubes\tubesweb\system\CodeIgniter.php(419): CodeIgniter\CodeIgniter->runController(Object(App\Controllers\Course))
#7 D:\Xampp\htdocs\desainweb\kelas\tubes\tubesweb\system\CodeIgniter.php(326): CodeIgniter\CodeIgniter->handleRequest(NULL, Object(Config\Cache), false)
#8 D:\Xampp\htdocs\desainweb\kelas\tubes\tubesweb\public\index.php(37): CodeIgniter\CodeIgniter->run()
#9 D:\Xampp\htdocs\desainweb\kelas\tubes\tubesweb\system\Commands\Server\rewrite.php(43): require_once('D:\\Xampp\\htdocs...')
#10 {main}
CRITICAL - 2022-06-12 10:57:41 --> Trying to access array offset on value of type null
#0 D:\Xampp\htdocs\desainweb\kelas\tubes\tubesweb\app\Views\coursedetail.php(23): CodeIgniter\Debug\Exceptions->errorHandler(8, 'Trying to acces...', 'D:\\Xampp\\htdocs...', 23, Array)
#1 D:\Xampp\htdocs\desainweb\kelas\tubes\tubesweb\system\View\View.php(210): include('D:\\Xampp\\htdocs...')
#2 D:\Xampp\htdocs\desainweb\kelas\tubes\tubesweb\system\View\View.php(213): CodeIgniter\View\View->CodeIgniter\View\{closure}()
#3 D:\Xampp\htdocs\desainweb\kelas\tubes\tubesweb\system\Common.php(1089): CodeIgniter\View\View->render('coursedetail', Array, true)
#4 D:\Xampp\htdocs\desainweb\kelas\tubes\tubesweb\app\Controllers\Course.php(39): view('coursedetail', Array)
#5 D:\Xampp\htdocs\desainweb\kelas\tubes\tubesweb\system\CodeIgniter.php(832): App\Controllers\Course->detail('Assets', 'courselist1-dar...')
#6 D:\Xampp\htdocs\desainweb\kelas\tubes\tubesweb\system\CodeIgniter.php(419): CodeIgniter\CodeIgniter->runController(Object(App\Controllers\Course))
#7 D:\Xampp\htdocs\desainweb\kelas\tubes\tubesweb\system\CodeIgniter.php(326): CodeIgniter\CodeIgniter->handleRequest(NULL, Object(Config\Cache), false)
#8 D:\Xampp\htdocs\desainweb\kelas\tubes\tubesweb\public\index.php(37): CodeIgniter\CodeIgniter->run()
#9 D:\Xampp\htdocs\desainweb\kelas\tubes\tubesweb\system\Commands\Server\rewrite.php(43): require_once('D:\\Xampp\\htdocs...')
#10 {main}
CRITICAL - 2022-06-12 10:57:59 --> Trying to access array offset on value of type null
#0 D:\Xampp\htdocs\desainweb\kelas\tubes\tubesweb\app\Views\coursedetail.php(23): CodeIgniter\Debug\Exceptions->errorHandler(8, 'Trying to acces...', 'D:\\Xampp\\htdocs...', 23, Array)
#1 D:\Xampp\htdocs\desainweb\kelas\tubes\tubesweb\system\View\View.php(210): include('D:\\Xampp\\htdocs...')
#2 D:\Xampp\htdocs\desainweb\kelas\tubes\tubesweb\system\View\View.php(213): CodeIgniter\View\View->CodeIgniter\View\{closure}()
#3 D:\Xampp\htdocs\desainweb\kelas\tubes\tubesweb\system\Common.php(1089): CodeIgniter\View\View->render('coursedetail', Array, true)
#4 D:\Xampp\htdocs\desainweb\kelas\tubes\tubesweb\app\Controllers\Course.php(39): view('coursedetail', Array)
#5 D:\Xampp\htdocs\desainweb\kelas\tubes\tubesweb\system\CodeIgniter.php(832): App\Controllers\Course->detail('Assets', 'courselist1-dar...')
#6 D:\Xampp\htdocs\desainweb\kelas\tubes\tubesweb\system\CodeIgniter.php(419): CodeIgniter\CodeIgniter->runController(Object(App\Controllers\Course))
#7 D:\Xampp\htdocs\desainweb\kelas\tubes\tubesweb\system\CodeIgniter.php(326): CodeIgniter\CodeIgniter->handleRequest(NULL, Object(Config\Cache), false)
#8 D:\Xampp\htdocs\desainweb\kelas\tubes\tubesweb\public\index.php(37): CodeIgniter\CodeIgniter->run()
#9 D:\Xampp\htdocs\desainweb\kelas\tubes\tubesweb\system\Commands\Server\rewrite.php(43): require_once('D:\\Xampp\\htdocs...')
#10 {main}
CRITICAL - 2022-06-12 11:00:51 --> Trying to access array offset on value of type null
#0 D:\Xampp\htdocs\desainweb\kelas\tubes\tubesweb\app\Views\coursedetail.php(23): CodeIgniter\Debug\Exceptions->errorHandler(8, 'Trying to acces...', 'D:\\Xampp\\htdocs...', 23, Array)
#1 D:\Xampp\htdocs\desainweb\kelas\tubes\tubesweb\system\View\View.php(210): include('D:\\Xampp\\htdocs...')
#2 D:\Xampp\htdocs\desainweb\kelas\tubes\tubesweb\system\View\View.php(213): CodeIgniter\View\View->CodeIgniter\View\{closure}()
#3 D:\Xampp\htdocs\desainweb\kelas\tubes\tubesweb\system\Common.php(1089): CodeIgniter\View\View->render('coursedetail', Array, true)
#4 D:\Xampp\htdocs\desainweb\kelas\tubes\tubesweb\app\Controllers\Course.php(39): view('coursedetail', Array)
#5 D:\Xampp\htdocs\desainweb\kelas\tubes\tubesweb\system\CodeIgniter.php(832): App\Controllers\Course->detail('Musik')
#6 D:\Xampp\htdocs\desainweb\kelas\tubes\tubesweb\system\CodeIgniter.php(419): CodeIgniter\CodeIgniter->runController(Object(App\Controllers\Course))
#7 D:\Xampp\htdocs\desainweb\kelas\tubes\tubesweb\system\CodeIgniter.php(326): CodeIgniter\CodeIgniter->handleRequest(NULL, Object(Config\Cache), false)
#8 D:\Xampp\htdocs\desainweb\kelas\tubes\tubesweb\public\index.php(37): CodeIgniter\CodeIgniter->run()
#9 D:\Xampp\htdocs\desainweb\kelas\tubes\tubesweb\system\Commands\Server\rewrite.php(43): require_once('D:\\Xampp\\htdocs...')
#10 {main}
CRITICAL - 2022-06-12 11:01:12 --> Trying to access array offset on value of type null
#0 D:\Xampp\htdocs\desainweb\kelas\tubes\tubesweb\app\Views\coursedetail.php(23): CodeIgniter\Debug\Exceptions->errorHandler(8, 'Trying to acces...', 'D:\\Xampp\\htdocs...', 23, Array)
#1 D:\Xampp\htdocs\desainweb\kelas\tubes\tubesweb\system\View\View.php(210): include('D:\\Xampp\\htdocs...')
#2 D:\Xampp\htdocs\desainweb\kelas\tubes\tubesweb\system\View\View.php(213): CodeIgniter\View\View->CodeIgniter\View\{closure}()
#3 D:\Xampp\htdocs\desainweb\kelas\tubes\tubesweb\system\Common.php(1089): CodeIgniter\View\View->render('coursedetail', Array, true)
#4 D:\Xampp\htdocs\desainweb\kelas\tubes\tubesweb\app\Controllers\Course.php(39): view('coursedetail', Array)
#5 D:\Xampp\htdocs\desainweb\kelas\tubes\tubesweb\system\CodeIgniter.php(832): App\Controllers\Course->detail('Assets', 'courselist1-dar...')
#6 D:\Xampp\htdocs\desainweb\kelas\tubes\tubesweb\system\CodeIgniter.php(419): CodeIgniter\CodeIgniter->runController(Object(App\Controllers\Course))
#7 D:\Xampp\htdocs\desainweb\kelas\tubes\tubesweb\system\CodeIgniter.php(326): CodeIgniter\CodeIgniter->handleRequest(NULL, Object(Config\Cache), false)
#8 D:\Xampp\htdocs\desainweb\kelas\tubes\tubesweb\public\index.php(37): CodeIgniter\CodeIgniter->run()
#9 D:\Xampp\htdocs\desainweb\kelas\tubes\tubesweb\system\Commands\Server\rewrite.php(43): require_once('D:\\Xampp\\htdocs...')
#10 {main}
CRITICAL - 2022-06-12 11:01:22 --> Trying to access array offset on value of type null
#0 D:\Xampp\htdocs\desainweb\kelas\tubes\tubesweb\app\Views\coursedetail.php(23): CodeIgniter\Debug\Exceptions->errorHandler(8, 'Trying to acces...', 'D:\\Xampp\\htdocs...', 23, Array)
#1 D:\Xampp\htdocs\desainweb\kelas\tubes\tubesweb\system\View\View.php(210): include('D:\\Xampp\\htdocs...')
#2 D:\Xampp\htdocs\desainweb\kelas\tubes\tubesweb\system\View\View.php(213): CodeIgniter\View\View->CodeIgniter\View\{closure}()
#3 D:\Xampp\htdocs\desainweb\kelas\tubes\tubesweb\system\Common.php(1089): CodeIgniter\View\View->render('coursedetail', Array, true)
#4 D:\Xampp\htdocs\desainweb\kelas\tubes\tubesweb\app\Controllers\Course.php(39): view('coursedetail', Array)
#5 D:\Xampp\htdocs\desainweb\kelas\tubes\tubesweb\system\CodeIgniter.php(832): App\Controllers\Course->detail('Assets', 'courselist1-dar...')
#6 D:\Xampp\htdocs\desainweb\kelas\tubes\tubesweb\system\CodeIgniter.php(419): CodeIgniter\CodeIgniter->runController(Object(App\Controllers\Course))
#7 D:\Xampp\htdocs\desainweb\kelas\tubes\tubesweb\system\CodeIgniter.php(326): CodeIgniter\CodeIgniter->handleRequest(NULL, Object(Config\Cache), false)
#8 D:\Xampp\htdocs\desainweb\kelas\tubes\tubesweb\public\index.php(37): CodeIgniter\CodeIgniter->run()
#9 D:\Xampp\htdocs\desainweb\kelas\tubes\tubesweb\system\Commands\Server\rewrite.php(43): require_once('D:\\Xampp\\htdocs...')
#10 {main}
CRITICAL - 2022-06-12 11:18:17 --> Undefined index: kategori
#0 D:\Xampp\htdocs\desainweb\kelas\tubes\tubesweb\app\Views\courselist.php(17): CodeIgniter\Debug\Exceptions->errorHandler(8, 'Undefined index...', 'D:\\Xampp\\htdocs...', 17, Array)
#1 D:\Xampp\htdocs\desainweb\kelas\tubes\tubesweb\system\View\View.php(210): include('D:\\Xampp\\htdocs...')
#2 D:\Xampp\htdocs\desainweb\kelas\tubes\tubesweb\system\View\View.php(213): CodeIgniter\View\View->CodeIgniter\View\{closure}()
#3 D:\Xampp\htdocs\desainweb\kelas\tubes\tubesweb\system\Common.php(1089): CodeIgniter\View\View->render('courselist', Array, true)
#4 D:\Xampp\htdocs\desainweb\kelas\tubes\tubesweb\app\Controllers\Course.php(30): view('courselist', Array)
#5 D:\Xampp\htdocs\desainweb\kelas\tubes\tubesweb\system\CodeIgniter.php(832): App\Controllers\Course->list('TI dan Perangka...')
#6 D:\Xampp\htdocs\desainweb\kelas\tubes\tubesweb\system\CodeIgniter.php(419): CodeIgniter\CodeIgniter->runController(Object(App\Controllers\Course))
#7 D:\Xampp\htdocs\desainweb\kelas\tubes\tubesweb\system\CodeIgniter.php(326): CodeIgniter\CodeIgniter->handleRequest(NULL, Object(Config\Cache), false)
#8 D:\Xampp\htdocs\desainweb\kelas\tubes\tubesweb\public\index.php(37): CodeIgniter\CodeIgniter->run()
#9 D:\Xampp\htdocs\desainweb\kelas\tubes\tubesweb\system\Commands\Server\rewrite.php(43): require_once('D:\\Xampp\\htdocs...')
#10 {main}
CRITICAL - 2022-06-12 11:18:48 --> Undefined offset: 1
#0 D:\Xampp\htdocs\desainweb\kelas\tubes\tubesweb\app\Views\courselist.php(17): CodeIgniter\Debug\Exceptions->errorHandler(8, 'Undefined offse...', 'D:\\Xampp\\htdocs...', 17, Array)
#1 D:\Xampp\htdocs\desainweb\kelas\tubes\tubesweb\system\View\View.php(210): include('D:\\Xampp\\htdocs...')
#2 D:\Xampp\htdocs\desainweb\kelas\tubes\tubesweb\system\View\View.php(213): CodeIgniter\View\View->CodeIgniter\View\{closure}()
#3 D:\Xampp\htdocs\desainweb\kelas\tubes\tubesweb\system\Common.php(1089): CodeIgniter\View\View->render('courselist', Array, true)
#4 D:\Xampp\htdocs\desainweb\kelas\tubes\tubesweb\app\Controllers\Course.php(30): view('courselist', Array)
#5 D:\Xampp\htdocs\desainweb\kelas\tubes\tubesweb\system\CodeIgniter.php(832): App\Controllers\Course->list('TI dan Perangka...')
#6 D:\Xampp\htdocs\desainweb\kelas\tubes\tubesweb\system\CodeIgniter.php(419): CodeIgniter\CodeIgniter->runController(Object(App\Controllers\Course))
#7 D:\Xampp\htdocs\desainweb\kelas\tubes\tubesweb\system\CodeIgniter.php(326): CodeIgniter\CodeIgniter->handleRequest(NULL, Object(Config\Cache), false)
#8 D:\Xampp\htdocs\desainweb\kelas\tubes\tubesweb\public\index.php(37): CodeIgniter\CodeIgniter->run()
#9 D:\Xampp\htdocs\desainweb\kelas\tubes\tubesweb\system\Commands\Server\rewrite.php(43): require_once('D:\\Xampp\\htdocs...')
#10 {main}
CRITICAL - 2022-06-12 11:18:54 --> Undefined offset: 1
#0 D:\Xampp\htdocs\desainweb\kelas\tubes\tubesweb\app\Views\courselist.php(17): CodeIgniter\Debug\Exceptions->errorHandler(8, 'Undefined offse...', 'D:\\Xampp\\htdocs...', 17, Array)
#1 D:\Xampp\htdocs\desainweb\kelas\tubes\tubesweb\system\View\View.php(210): include('D:\\Xampp\\htdocs...')
#2 D:\Xampp\htdocs\desainweb\kelas\tubes\tubesweb\system\View\View.php(213): CodeIgniter\View\View->CodeIgniter\View\{closure}()
#3 D:\Xampp\htdocs\desainweb\kelas\tubes\tubesweb\system\Common.php(1089): CodeIgniter\View\View->render('courselist', Array, true)
#4 D:\Xampp\htdocs\desainweb\kelas\tubes\tubesweb\app\Controllers\Course.php(30): view('courselist', Array)
#5 D:\Xampp\htdocs\desainweb\kelas\tubes\tubesweb\system\CodeIgniter.php(832): App\Controllers\Course->list('Assets', 'courselist1-dar...')
#6 D:\Xampp\htdocs\desainweb\kelas\tubes\tubesweb\system\CodeIgniter.php(419): CodeIgniter\CodeIgniter->runController(Object(App\Controllers\Course))
#7 D:\Xampp\htdocs\desainweb\kelas\tubes\tubesweb\system\CodeIgniter.php(326): CodeIgniter\CodeIgniter->handleRequest(NULL, Object(Config\Cache), false)
#8 D:\Xampp\htdocs\desainweb\kelas\tubes\tubesweb\public\index.php(37): CodeIgniter\CodeIgniter->run()
#9 D:\Xampp\htdocs\desainweb\kelas\tubes\tubesweb\system\Commands\Server\rewrite.php(43): require_once('D:\\Xampp\\htdocs...')
#10 {main}
CRITICAL - 2022-06-12 11:19:26 --> syntax error, unexpected '?>'
#0 D:\Xampp\htdocs\desainweb\kelas\tubes\tubesweb\system\View\View.php(213): CodeIgniter\View\View->CodeIgniter\View\{closure}()
#1 D:\Xampp\htdocs\desainweb\kelas\tubes\tubesweb\system\Common.php(1089): CodeIgniter\View\View->render('courselist', Array, true)
#2 D:\Xampp\htdocs\desainweb\kelas\tubes\tubesweb\app\Controllers\Course.php(30): view('courselist', Array)
#3 D:\Xampp\htdocs\desainweb\kelas\tubes\tubesweb\system\CodeIgniter.php(832): App\Controllers\Course->list('Musik')
#4 D:\Xampp\htdocs\desainweb\kelas\tubes\tubesweb\system\CodeIgniter.php(419): CodeIgniter\CodeIgniter->runController(Object(App\Controllers\Course))
#5 D:\Xampp\htdocs\desainweb\kelas\tubes\tubesweb\system\CodeIgniter.php(326): CodeIgniter\CodeIgniter->handleRequest(NULL, Object(Config\Cache), false)
#6 D:\Xampp\htdocs\desainweb\kelas\tubes\tubesweb\public\index.php(37): CodeIgniter\CodeIgniter->run()
#7 D:\Xampp\htdocs\desainweb\kelas\tubes\tubesweb\system\Commands\Server\rewrite.php(43): require_once('D:\\Xampp\\htdocs...')
#8 {main}
CRITICAL - 2022-06-12 11:20:31 --> print_r() expects at least 1 parameter, 0 given
#0 [internal function]: CodeIgniter\Debug\Exceptions->errorHandler(2, 'print_r() expec...', 'D:\\Xampp\\htdocs...', 15, Array)
#1 D:\Xampp\htdocs\desainweb\kelas\tubes\tubesweb\app\Views\courselist.php(15): print_r()
#2 D:\Xampp\htdocs\desainweb\kelas\tubes\tubesweb\system\View\View.php(210): include('D:\\Xampp\\htdocs...')
#3 D:\Xampp\htdocs\desainweb\kelas\tubes\tubesweb\system\View\View.php(213): CodeIgniter\View\View->CodeIgniter\View\{closure}()
#4 D:\Xampp\htdocs\desainweb\kelas\tubes\tubesweb\system\Common.php(1089): CodeIgniter\View\View->render('courselist', Array, true)
#5 D:\Xampp\htdocs\desainweb\kelas\tubes\tubesweb\app\Controllers\Course.php(30): view('courselist', Array)
#6 D:\Xampp\htdocs\desainweb\kelas\tubes\tubesweb\system\CodeIgniter.php(832): App\Controllers\Course->list('TI dan Perangka...')
#7 D:\Xampp\htdocs\desainweb\kelas\tubes\tubesweb\system\CodeIgniter.php(419): CodeIgniter\CodeIgniter->runController(Object(App\Controllers\Course))
#8 D:\Xampp\htdocs\desainweb\kelas\tubes\tubesweb\system\CodeIgniter.php(326): CodeIgniter\CodeIgniter->handleRequest(NULL, Object(Config\Cache), false)
#9 D:\Xampp\htdocs\desainweb\kelas\tubes\tubesweb\public\index.php(37): CodeIgniter\CodeIgniter->run()
#10 D:\Xampp\htdocs\desainweb\kelas\tubes\tubesweb\system\Commands\Server\rewrite.php(43): require_once('D:\\Xampp\\htdocs...')
#11 {main}
CRITICAL - 2022-06-12 11:20:39 --> Undefined index: kategori
#0 D:\Xampp\htdocs\desainweb\kelas\tubes\tubesweb\app\Views\courselist.php(18): CodeIgniter\Debug\Exceptions->errorHandler(8, 'Undefined index...', 'D:\\Xampp\\htdocs...', 18, Array)
#1 D:\Xampp\htdocs\desainweb\kelas\tubes\tubesweb\system\View\View.php(210): include('D:\\Xampp\\htdocs...')
#2 D:\Xampp\htdocs\desainweb\kelas\tubes\tubesweb\system\View\View.php(213): CodeIgniter\View\View->CodeIgniter\View\{closure}()
#3 D:\Xampp\htdocs\desainweb\kelas\tubes\tubesweb\system\Common.php(1089): CodeIgniter\View\View->render('courselist', Array, true)
#4 D:\Xampp\htdocs\desainweb\kelas\tubes\tubesweb\app\Controllers\Course.php(30): view('courselist', Array)
#5 D:\Xampp\htdocs\desainweb\kelas\tubes\tubesweb\system\CodeIgniter.php(832): App\Controllers\Course->list('TI dan Perangka...')
#6 D:\Xampp\htdocs\desainweb\kelas\tubes\tubesweb\system\CodeIgniter.php(419): CodeIgniter\CodeIgniter->runController(Object(App\Controllers\Course))
#7 D:\Xampp\htdocs\desainweb\kelas\tubes\tubesweb\system\CodeIgniter.php(326): CodeIgniter\CodeIgniter->handleRequest(NULL, Object(Config\Cache), false)
#8 D:\Xampp\htdocs\desainweb\kelas\tubes\tubesweb\public\index.php(37): CodeIgniter\CodeIgniter->run()
#9 D:\Xampp\htdocs\desainweb\kelas\tubes\tubesweb\system\Commands\Server\rewrite.php(43): require_once('D:\\Xampp\\htdocs...')
#10 {main}
CRITICAL - 2022-06-12 11:20:47 --> Undefined offset: 0
#0 D:\Xampp\htdocs\desainweb\kelas\tubes\tubesweb\app\Views\courselist.php(18): CodeIgniter\Debug\Exceptions->errorHandler(8, 'Undefined offse...', 'D:\\Xampp\\htdocs...', 18, Array)
#1 D:\Xampp\htdocs\desainweb\kelas\tubes\tubesweb\system\View\View.php(210): include('D:\\Xampp\\htdocs...')
#2 D:\Xampp\htdocs\desainweb\kelas\tubes\tubesweb\system\View\View.php(213): CodeIgniter\View\View->CodeIgniter\View\{closure}()
#3 D:\Xampp\htdocs\desainweb\kelas\tubes\tubesweb\system\Common.php(1089): CodeIgniter\View\View->render('courselist', Array, true)
#4 D:\Xampp\htdocs\desainweb\kelas\tubes\tubesweb\app\Controllers\Course.php(30): view('courselist', Array)
#5 D:\Xampp\htdocs\desainweb\kelas\tubes\tubesweb\system\CodeIgniter.php(832): App\Controllers\Course->list('Assets', 'courselist1-dar...')
#6 D:\Xampp\htdocs\desainweb\kelas\tubes\tubesweb\system\CodeIgniter.php(419): CodeIgniter\CodeIgniter->runController(Object(App\Controllers\Course))
#7 D:\Xampp\htdocs\desainweb\kelas\tubes\tubesweb\system\CodeIgniter.php(326): CodeIgniter\CodeIgniter->handleRequest(NULL, Object(Config\Cache), false)
#8 D:\Xampp\htdocs\desainweb\kelas\tubes\tubesweb\public\index.php(37): CodeIgniter\CodeIgniter->run()
#9 D:\Xampp\htdocs\desainweb\kelas\tubes\tubesweb\system\Commands\Server\rewrite.php(43): require_once('D:\\Xampp\\htdocs...')
#10 {main}
CRITICAL - 2022-06-12 11:20:56 --> Undefined offset: 0
#0 D:\Xampp\htdocs\desainweb\kelas\tubes\tubesweb\app\Views\courselist.php(17): CodeIgniter\Debug\Exceptions->errorHandler(8, 'Undefined offse...', 'D:\\Xampp\\htdocs...', 17, Array)
#1 D:\Xampp\htdocs\desainweb\kelas\tubes\tubesweb\system\View\View.php(210): include('D:\\Xampp\\htdocs...')
#2 D:\Xampp\htdocs\desainweb\kelas\tubes\tubesweb\system\View\View.php(213): CodeIgniter\View\View->CodeIgniter\View\{closure}()
#3 D:\Xampp\htdocs\desainweb\kelas\tubes\tubesweb\system\Common.php(1089): CodeIgniter\View\View->render('courselist', Array, true)
#4 D:\Xampp\htdocs\desainweb\kelas\tubes\tubesweb\app\Controllers\Course.php(30): view('courselist', Array)
#5 D:\Xampp\htdocs\desainweb\kelas\tubes\tubesweb\system\CodeIgniter.php(832): App\Controllers\Course->list('Assets', 'courselist1-dar...')
#6 D:\Xampp\htdocs\desainweb\kelas\tubes\tubesweb\system\CodeIgniter.php(419): CodeIgniter\CodeIgniter->runController(Object(App\Controllers\Course))
#7 D:\Xampp\htdocs\desainweb\kelas\tubes\tubesweb\system\CodeIgniter.php(326): CodeIgniter\CodeIgniter->handleRequest(NULL, Object(Config\Cache), false)
#8 D:\Xampp\htdocs\desainweb\kelas\tubes\tubesweb\public\index.php(37): CodeIgniter\CodeIgniter->run()
#9 D:\Xampp\htdocs\desainweb\kelas\tubes\tubesweb\system\Commands\Server\rewrite.php(43): require_once('D:\\Xampp\\htdocs...')
#10 {main}
CRITICAL - 2022-06-12 11:20:58 --> Undefined offset: 0
#0 D:\Xampp\htdocs\desainweb\kelas\tubes\tubesweb\app\Views\courselist.php(17): CodeIgniter\Debug\Exceptions->errorHandler(8, 'Undefined offse...', 'D:\\Xampp\\htdocs...', 17, Array)
#1 D:\Xampp\htdocs\desainweb\kelas\tubes\tubesweb\system\View\View.php(210): include('D:\\Xampp\\htdocs...')
#2 D:\Xampp\htdocs\desainweb\kelas\tubes\tubesweb\system\View\View.php(213): CodeIgniter\View\View->CodeIgniter\View\{closure}()
#3 D:\Xampp\htdocs\desainweb\kelas\tubes\tubesweb\system\Common.php(1089): CodeIgniter\View\View->render('courselist', Array, true)
#4 D:\Xampp\htdocs\desainweb\kelas\tubes\tubesweb\app\Controllers\Course.php(30): view('courselist', Array)
#5 D:\Xampp\htdocs\desainweb\kelas\tubes\tubesweb\system\CodeIgniter.php(832): App\Controllers\Course->list('Assets', 'courselist1-dar...')
#6 D:\Xampp\htdocs\desainweb\kelas\tubes\tubesweb\system\CodeIgniter.php(419): CodeIgniter\CodeIgniter->runController(Object(App\Controllers\Course))
#7 D:\Xampp\htdocs\desainweb\kelas\tubes\tubesweb\system\CodeIgniter.php(326): CodeIgniter\CodeIgniter->handleRequest(NULL, Object(Config\Cache), false)
#8 D:\Xampp\htdocs\desainweb\kelas\tubes\tubesweb\public\index.php(37): CodeIgniter\CodeIgniter->run()
#9 D:\Xampp\htdocs\desainweb\kelas\tubes\tubesweb\system\Commands\Server\rewrite.php(43): require_once('D:\\Xampp\\htdocs...')
#10 {main}
CRITICAL - 2022-06-12 11:20:59 --> Undefined offset: 0
#0 D:\Xampp\htdocs\desainweb\kelas\tubes\tubesweb\app\Views\courselist.php(17): CodeIgniter\Debug\Exceptions->errorHandler(8, 'Undefined offse...', 'D:\\Xampp\\htdocs...', 17, Array)
#1 D:\Xampp\htdocs\desainweb\kelas\tubes\tubesweb\system\View\View.php(210): include('D:\\Xampp\\htdocs...')
#2 D:\Xampp\htdocs\desainweb\kelas\tubes\tubesweb\system\View\View.php(213): CodeIgniter\View\View->CodeIgniter\View\{closure}()
#3 D:\Xampp\htdocs\desainweb\kelas\tubes\tubesweb\system\Common.php(1089): CodeIgniter\View\View->render('courselist', Array, true)
#4 D:\Xampp\htdocs\desainweb\kelas\tubes\tubesweb\app\Controllers\Course.php(30): view('courselist', Array)
#5 D:\Xampp\htdocs\desainweb\kelas\tubes\tubesweb\system\CodeIgniter.php(832): App\Controllers\Course->list('Assets', 'courselist1-dar...')
#6 D:\Xampp\htdocs\desainweb\kelas\tubes\tubesweb\system\CodeIgniter.php(419): CodeIgniter\CodeIgniter->runController(Object(App\Controllers\Course))
#7 D:\Xampp\htdocs\desainweb\kelas\tubes\tubesweb\system\CodeIgniter.php(326): CodeIgniter\CodeIgniter->handleRequest(NULL, Object(Config\Cache), false)
#8 D:\Xampp\htdocs\desainweb\kelas\tubes\tubesweb\public\index.php(37): CodeIgniter\CodeIgniter->run()
#9 D:\Xampp\htdocs\desainweb\kelas\tubes\tubesweb\system\Commands\Server\rewrite.php(43): require_once('D:\\Xampp\\htdocs...')
#10 {main}
CRITICAL - 2022-06-12 11:21:01 --> Undefined offset: 0
#0 D:\Xampp\htdocs\desainweb\kelas\tubes\tubesweb\app\Views\courselist.php(17): CodeIgniter\Debug\Exceptions->errorHandler(8, 'Undefined offse...', 'D:\\Xampp\\htdocs...', 17, Array)
#1 D:\Xampp\htdocs\desainweb\kelas\tubes\tubesweb\system\View\View.php(210): include('D:\\Xampp\\htdocs...')
#2 D:\Xampp\htdocs\desainweb\kelas\tubes\tubesweb\system\View\View.php(213): CodeIgniter\View\View->CodeIgniter\View\{closure}()
#3 D:\Xampp\htdocs\desainweb\kelas\tubes\tubesweb\system\Common.php(1089): CodeIgniter\View\View->render('courselist', Array, true)
#4 D:\Xampp\htdocs\desainweb\kelas\tubes\tubesweb\app\Controllers\Course.php(30): view('courselist', Array)
#5 D:\Xampp\htdocs\desainweb\kelas\tubes\tubesweb\system\CodeIgniter.php(832): App\Controllers\Course->list('Assets', 'courselist1-dar...')
#6 D:\Xampp\htdocs\desainweb\kelas\tubes\tubesweb\system\CodeIgniter.php(419): CodeIgniter\CodeIgniter->runController(Object(App\Controllers\Course))
#7 D:\Xampp\htdocs\desainweb\kelas\tubes\tubesweb\system\CodeIgniter.php(326): CodeIgniter\CodeIgniter->handleRequest(NULL, Object(Config\Cache), false)
#8 D:\Xampp\htdocs\desainweb\kelas\tubes\tubesweb\public\index.php(37): CodeIgniter\CodeIgniter->run()
#9 D:\Xampp\htdocs\desainweb\kelas\tubes\tubesweb\system\Commands\Server\rewrite.php(43): require_once('D:\\Xampp\\htdocs...')
#10 {main}
CRITICAL - 2022-06-12 11:21:07 --> Undefined offset: 0
#0 D:\Xampp\htdocs\desainweb\kelas\tubes\tubesweb\app\Views\courselist.php(17): CodeIgniter\Debug\Exceptions->errorHandler(8, 'Undefined offse...', 'D:\\Xampp\\htdocs...', 17, Array)
#1 D:\Xampp\htdocs\desainweb\kelas\tubes\tubesweb\system\View\View.php(210): include('D:\\Xampp\\htdocs...')
#2 D:\Xampp\htdocs\desainweb\kelas\tubes\tubesweb\system\View\View.php(213): CodeIgniter\View\View->CodeIgniter\View\{closure}()
#3 D:\Xampp\htdocs\desainweb\kelas\tubes\tubesweb\system\Common.php(1089): CodeIgniter\View\View->render('courselist', Array, true)
#4 D:\Xampp\htdocs\desainweb\kelas\tubes\tubesweb\app\Controllers\Course.php(30): view('courselist', Array)
#5 D:\Xampp\htdocs\desainweb\kelas\tubes\tubesweb\system\CodeIgniter.php(832): App\Controllers\Course->list('Assets', 'courselist1-dar...')
#6 D:\Xampp\htdocs\desainweb\kelas\tubes\tubesweb\system\CodeIgniter.php(419): CodeIgniter\CodeIgniter->runController(Object(App\Controllers\Course))
#7 D:\Xampp\htdocs\desainweb\kelas\tubes\tubesweb\system\CodeIgniter.php(326): CodeIgniter\CodeIgniter->handleRequest(NULL, Object(Config\Cache), false)
#8 D:\Xampp\htdocs\desainweb\kelas\tubes\tubesweb\public\index.php(37): CodeIgniter\CodeIgniter->run()
#9 D:\Xampp\htdocs\desainweb\kelas\tubes\tubesweb\system\Commands\Server\rewrite.php(43): require_once('D:\\Xampp\\htdocs...')
#10 {main}
CRITICAL - 2022-06-12 11:22:38 --> Invalid file: profil.php
#0 D:\Xampp\htdocs\desainweb\kelas\tubes\tubesweb\system\View\View.php(198): CodeIgniter\Exceptions\FrameworkException::forInvalidFile('profil.php')
#1 D:\Xampp\htdocs\desainweb\kelas\tubes\tubesweb\system\Common.php(1089): CodeIgniter\View\View->render('profil', Array, true)
#2 D:\Xampp\htdocs\desainweb\kelas\tubes\tubesweb\app\Controllers\Pengguna.php(27): view('profil')
#3 D:\Xampp\htdocs\desainweb\kelas\tubes\tubesweb\system\CodeIgniter.php(832): App\Controllers\Pengguna->profile()
#4 D:\Xampp\htdocs\desainweb\kelas\tubes\tubesweb\system\CodeIgniter.php(419): CodeIgniter\CodeIgniter->runController(Object(App\Controllers\Pengguna))
#5 D:\Xampp\htdocs\desainweb\kelas\tubes\tubesweb\system\CodeIgniter.php(326): CodeIgniter\CodeIgniter->handleRequest(NULL, Object(Config\Cache), false)
#6 D:\Xampp\htdocs\desainweb\kelas\tubes\tubesweb\public\index.php(37): CodeIgniter\CodeIgniter->run()
#7 D:\Xampp\htdocs\desainweb\kelas\tubes\tubesweb\system\Commands\Server\rewrite.php(43): require_once('D:\\Xampp\\htdocs...')
#8 {main}
CRITICAL - 2022-06-12 11:23:20 --> Undefined offset: 0
#0 D:\Xampp\htdocs\desainweb\kelas\tubes\tubesweb\app\Views\courselist.php(17): CodeIgniter\Debug\Exceptions->errorHandler(8, 'Undefined offse...', 'D:\\Xampp\\htdocs...', 17, Array)
#1 D:\Xampp\htdocs\desainweb\kelas\tubes\tubesweb\system\View\View.php(210): include('D:\\Xampp\\htdocs...')
#2 D:\Xampp\htdocs\desainweb\kelas\tubes\tubesweb\system\View\View.php(213): CodeIgniter\View\View->CodeIgniter\View\{closure}()
#3 D:\Xampp\htdocs\desainweb\kelas\tubes\tubesweb\system\Common.php(1089): CodeIgniter\View\View->render('courselist', Array, true)
#4 D:\Xampp\htdocs\desainweb\kelas\tubes\tubesweb\app\Controllers\Course.php(30): view('courselist', Array)
#5 D:\Xampp\htdocs\desainweb\kelas\tubes\tubesweb\system\CodeIgniter.php(832): App\Controllers\Course->list('Assets', 'courselist1-dar...')
#6 D:\Xampp\htdocs\desainweb\kelas\tubes\tubesweb\system\CodeIgniter.php(419): CodeIgniter\CodeIgniter->runController(Object(App\Controllers\Course))
#7 D:\Xampp\htdocs\desainweb\kelas\tubes\tubesweb\system\CodeIgniter.php(326): CodeIgniter\CodeIgniter->handleRequest(NULL, Object(Config\Cache), false)
#8 D:\Xampp\htdocs\desainweb\kelas\tubes\tubesweb\public\index.php(37): CodeIgniter\CodeIgniter->run()
#9 D:\Xampp\htdocs\desainweb\kelas\tubes\tubesweb\system\Commands\Server\rewrite.php(43): require_once('D:\\Xampp\\htdocs...')
#10 {main}
CRITICAL - 2022-06-12 11:23:22 --> Undefined offset: 0
#0 D:\Xampp\htdocs\desainweb\kelas\tubes\tubesweb\app\Views\courselist.php(17): CodeIgniter\Debug\Exceptions->errorHandler(8, 'Undefined offse...', 'D:\\Xampp\\htdocs...', 17, Array)
#1 D:\Xampp\htdocs\desainweb\kelas\tubes\tubesweb\system\View\View.php(210): include('D:\\Xampp\\htdocs...')
#2 D:\Xampp\htdocs\desainweb\kelas\tubes\tubesweb\system\View\View.php(213): CodeIgniter\View\View->CodeIgniter\View\{closure}()
#3 D:\Xampp\htdocs\desainweb\kelas\tubes\tubesweb\system\Common.php(1089): CodeIgniter\View\View->render('courselist', Array, true)
#4 D:\Xampp\htdocs\desainweb\kelas\tubes\tubesweb\app\Controllers\Course.php(30): view('courselist', Array)
#5 D:\Xampp\htdocs\desainweb\kelas\tubes\tubesweb\system\CodeIgniter.php(832): App\Controllers\Course->list('Assets', 'courselist1-dar...')
#6 D:\Xampp\htdocs\desainweb\kelas\tubes\tubesweb\system\CodeIgniter.php(419): CodeIgniter\CodeIgniter->runController(Object(App\Controllers\Course))
#7 D:\Xampp\htdocs\desainweb\kelas\tubes\tubesweb\system\CodeIgniter.php(326): CodeIgniter\CodeIgniter->handleRequest(NULL, Object(Config\Cache), false)
#8 D:\Xampp\htdocs\desainweb\kelas\tubes\tubesweb\public\index.php(37): CodeIgniter\CodeIgniter->run()
#9 D:\Xampp\htdocs\desainweb\kelas\tubes\tubesweb\system\Commands\Server\rewrite.php(43): require_once('D:\\Xampp\\htdocs...')
#10 {main}
